Start training with (gpu(0)) from pretrained model /home/iiie/our-mxnet-ssd/model/vgg16_reduced
Freezed parameters: [conv1_1_weight,conv1_1_bias,conv1_2_weight,conv1_2_bias,conv2_1_weight,conv2_1_bias,conv2_2_weight,conv2_2_bias]
Epoch[0] Train-Acc=0.127139
Epoch[0] Train-ObjectAcc=0.275121
Epoch[0] Train-SmoothL1=30.321223
Epoch[0] Time cost=2.949
Saved checkpoint to "/home/iiie/our-mxnet-ssd/model/ssd_300-0001.params"
Epoch[0] Validation-Acc=0.022340
Epoch[0] Validation-ObjectAcc=0.067021
Epoch[0] Validation-SmoothL1=44.707056
Epoch[1] Train-Acc=0.232558
Epoch[1] Train-ObjectAcc=0.166301
Epoch[1] Train-SmoothL1=29.576097
Epoch[1] Time cost=3.243
Saved checkpoint to "/home/iiie/our-mxnet-ssd/model/ssd_300-0002.params"
Epoch[1] Validation-Acc=0.446505
Epoch[1] Validation-ObjectAcc=0.001075
Epoch[1] Validation-SmoothL1=44.648859
Epoch[2] Train-Acc=0.268820
Epoch[2] Train-ObjectAcc=0.110913
Epoch[2] Train-SmoothL1=29.090624
Epoch[2] Time cost=3.438
Saved checkpoint to "/home/iiie/our-mxnet-ssd/model/ssd_300-0003.params"
Epoch[2] Validation-Acc=0.139957
Epoch[2] Validation-ObjectAcc=0.000000
Epoch[2] Validation-SmoothL1=45.277201
Epoch[3] Train-Acc=0.649006
Epoch[3] Train-ObjectAcc=0.027073
Epoch[3] Train-SmoothL1=30.453930
Epoch[3] Time cost=3.263
Saved checkpoint to "/home/iiie/our-mxnet-ssd/model/ssd_300-0004.params"
Epoch[3] Validation-Acc=0.735196
Epoch[3] Validation-ObjectAcc=0.000000
Epoch[3] Validation-SmoothL1=42.828110
Epoch[4] Train-Acc=0.744880
Epoch[4] Train-ObjectAcc=0.071683
Epoch[4] Train-SmoothL1=28.015529
Epoch[4] Time cost=3.265
Saved checkpoint to "/home/iiie/our-mxnet-ssd/model/ssd_300-0005.params"
Epoch[4] Validation-Acc=0.741013
Epoch[4] Validation-ObjectAcc=0.000000
Epoch[4] Validation-SmoothL1=44.161247
Epoch[5] Train-Acc=0.752177
Epoch[5] Train-ObjectAcc=0.060958
Epoch[5] Train-SmoothL1=25.550392
Epoch[5] Time cost=3.284
Saved checkpoint to "/home/iiie/our-mxnet-ssd/model/ssd_300-0006.params"
Epoch[5] Validation-Acc=0.748620
Epoch[5] Validation-ObjectAcc=0.000000
Epoch[5] Validation-SmoothL1=43.337490
Epoch[6] Train-Acc=0.753018
Epoch[6] Train-ObjectAcc=0.057036
Epoch[6] Train-SmoothL1=29.769161
Epoch[6] Time cost=3.297
Saved checkpoint to "/home/iiie/our-mxnet-ssd/model/ssd_300-0007.params"
Epoch[6] Validation-Acc=0.743174
Epoch[6] Validation-ObjectAcc=0.000000
Epoch[6] Validation-SmoothL1=42.151485
Epoch[7] Train-Acc=0.752072
Epoch[7] Train-ObjectAcc=0.079961
Epoch[7] Train-SmoothL1=25.047865
Epoch[7] Time cost=3.320
Saved checkpoint to "/home/iiie/our-mxnet-ssd/model/ssd_300-0008.params"
Epoch[7] Validation-Acc=0.746107
Epoch[7] Validation-ObjectAcc=0.000000
Epoch[7] Validation-SmoothL1=42.609495
Epoch[8] Train-Acc=0.754456
Epoch[8] Train-ObjectAcc=0.069964
Epoch[8] Train-SmoothL1=27.615232
Epoch[8] Time cost=3.189
Saved checkpoint to "/home/iiie/our-mxnet-ssd/model/ssd_300-0009.params"
Epoch[8] Validation-Acc=0.743205
Epoch[8] Validation-ObjectAcc=0.000000
Epoch[8] Validation-SmoothL1=42.113050
Epoch[9] Train-Acc=0.757314
Epoch[9] Train-ObjectAcc=0.079344
Epoch[9] Train-SmoothL1=27.135012
Epoch[9] Time cost=3.155
Saved checkpoint to "/home/iiie/our-mxnet-ssd/model/ssd_300-0010.params"
Epoch[9] Validation-Acc=0.748373
Epoch[9] Validation-ObjectAcc=0.000000
Epoch[9] Validation-SmoothL1=44.352346
Epoch[10] Train-Acc=0.755007
Epoch[10] Train-ObjectAcc=0.064432
Epoch[10] Train-SmoothL1=27.328934
Epoch[10] Time cost=3.289
Saved checkpoint to "/home/iiie/our-mxnet-ssd/model/ssd_300-0011.params"
Epoch[10] Validation-Acc=0.740984
Epoch[10] Validation-ObjectAcc=0.000000
Epoch[10] Validation-SmoothL1=44.353966
Epoch[11] Train-Acc=0.759221
Epoch[11] Train-ObjectAcc=0.076958
Epoch[11] Train-SmoothL1=26.397694
Epoch[11] Time cost=3.322
Saved checkpoint to "/home/iiie/our-mxnet-ssd/model/ssd_300-0012.params"
Epoch[11] Validation-Acc=0.743492
Epoch[11] Validation-ObjectAcc=0.000000
Epoch[11] Validation-SmoothL1=44.174767
Epoch[12] Train-Acc=0.753551
Epoch[12] Train-ObjectAcc=0.075284
Epoch[12] Train-SmoothL1=24.677437
Epoch[12] Time cost=3.190
Saved checkpoint to "/home/iiie/our-mxnet-ssd/model/ssd_300-0013.params"
Epoch[12] Validation-Acc=0.743407
Epoch[12] Validation-ObjectAcc=0.000000
Epoch[12] Validation-SmoothL1=43.285767
Epoch[13] Train-Acc=0.759451
Epoch[13] Train-ObjectAcc=0.079121
Epoch[13] Train-SmoothL1=26.498465
Epoch[13] Time cost=3.220
Saved checkpoint to "/home/iiie/our-mxnet-ssd/model/ssd_300-0014.params"
Epoch[13] Validation-Acc=0.742623
Epoch[13] Validation-ObjectAcc=0.000000
Epoch[13] Validation-SmoothL1=42.898701
Epoch[14] Train-Acc=0.762440
Epoch[14] Train-ObjectAcc=0.082775
Epoch[14] Train-SmoothL1=24.833874
Epoch[14] Time cost=3.186
Saved checkpoint to "/home/iiie/our-mxnet-ssd/model/ssd_300-0015.params"
Epoch[14] Validation-Acc=0.745309
Epoch[14] Validation-ObjectAcc=0.000000
Epoch[14] Validation-SmoothL1=43.107693
Epoch[15] Train-Acc=0.760075
Epoch[15] Train-ObjectAcc=0.077788
Epoch[15] Train-SmoothL1=24.974542
Epoch[15] Time cost=3.130
Saved checkpoint to "/home/iiie/our-mxnet-ssd/model/ssd_300-0016.params"
Epoch[15] Validation-Acc=0.741407
Epoch[15] Validation-ObjectAcc=0.000000
Epoch[15] Validation-SmoothL1=44.633543
Epoch[16] Train-Acc=0.758080
Epoch[16] Train-ObjectAcc=0.084309
Epoch[16] Train-SmoothL1=24.788018
Epoch[16] Time cost=3.190
Saved checkpoint to "/home/iiie/our-mxnet-ssd/model/ssd_300-0017.params"
Epoch[16] Validation-Acc=0.744349
Epoch[16] Validation-ObjectAcc=0.000000
Epoch[16] Validation-SmoothL1=44.734503
Epoch[17] Train-Acc=0.757171
Epoch[17] Train-ObjectAcc=0.079435
Epoch[17] Train-SmoothL1=26.273339
Epoch[17] Time cost=3.140
Saved checkpoint to "/home/iiie/our-mxnet-ssd/model/ssd_300-0018.params"
Epoch[17] Validation-Acc=0.745699
Epoch[17] Validation-ObjectAcc=0.000000
Epoch[17] Validation-SmoothL1=44.536766
Epoch[18] Train-Acc=0.761889
Epoch[18] Train-ObjectAcc=0.075556
Epoch[18] Train-SmoothL1=26.104364
Epoch[18] Time cost=3.253
Saved checkpoint to "/home/iiie/our-mxnet-ssd/model/ssd_300-0019.params"
Epoch[18] Validation-Acc=0.748056
Epoch[18] Validation-ObjectAcc=0.000000
Epoch[18] Validation-SmoothL1=42.824230
Epoch[19] Train-Acc=0.755918
Epoch[19] Train-ObjectAcc=0.071021
Epoch[19] Train-SmoothL1=27.276414
Epoch[19] Time cost=3.163
Saved checkpoint to "/home/iiie/our-mxnet-ssd/model/ssd_300-0020.params"
Epoch[19] Validation-Acc=0.742508
Epoch[19] Validation-ObjectAcc=0.000000
Epoch[19] Validation-SmoothL1=42.991266
Epoch[20] Train-Acc=0.764979
Epoch[20] Train-ObjectAcc=0.103661
Epoch[20] Train-SmoothL1=23.671904
Epoch[20] Time cost=3.217
Saved checkpoint to "/home/iiie/our-mxnet-ssd/model/ssd_300-0021.params"
Epoch[20] Validation-Acc=0.743517
Epoch[20] Validation-ObjectAcc=0.000000
Epoch[20] Validation-SmoothL1=42.218674
Epoch[21] Train-Acc=0.763109
Epoch[21] Train-ObjectAcc=0.096136
Epoch[21] Train-SmoothL1=25.194456
Epoch[21] Time cost=3.228
Saved checkpoint to "/home/iiie/our-mxnet-ssd/model/ssd_300-0022.params"
Epoch[21] Validation-Acc=0.747508
Epoch[21] Validation-ObjectAcc=0.000000
Epoch[21] Validation-SmoothL1=43.311661
Epoch[22] Train-Acc=0.762338
Epoch[22] Train-ObjectAcc=0.085290
Epoch[22] Train-SmoothL1=23.856533
Epoch[22] Time cost=3.160
Saved checkpoint to "/home/iiie/our-mxnet-ssd/model/ssd_300-0023.params"
Epoch[22] Validation-Acc=0.746564
Epoch[22] Validation-ObjectAcc=0.000000
Epoch[22] Validation-SmoothL1=45.429024
Epoch[23] Train-Acc=0.760578
Epoch[23] Train-ObjectAcc=0.092619
Epoch[23] Train-SmoothL1=24.380036
Epoch[23] Time cost=3.364
Saved checkpoint to "/home/iiie/our-mxnet-ssd/model/ssd_300-0024.params"
Epoch[23] Validation-Acc=0.744780
Epoch[23] Validation-ObjectAcc=0.000000
Epoch[23] Validation-SmoothL1=43.622007
Epoch[24] Train-Acc=0.760388
Epoch[24] Train-ObjectAcc=0.069106
Epoch[24] Train-SmoothL1=25.659302
Epoch[24] Time cost=3.259
Saved checkpoint to "/home/iiie/our-mxnet-ssd/model/ssd_300-0025.params"
Epoch[24] Validation-Acc=0.744887
Epoch[24] Validation-ObjectAcc=0.000000
Epoch[24] Validation-SmoothL1=44.287540
Epoch[25] Train-Acc=0.762591
Epoch[25] Train-ObjectAcc=0.093470
Epoch[25] Train-SmoothL1=27.453661
Epoch[25] Time cost=3.288
Saved checkpoint to "/home/iiie/our-mxnet-ssd/model/ssd_300-0026.params"
Epoch[25] Validation-Acc=0.745192
Epoch[25] Validation-ObjectAcc=0.000000
Epoch[25] Validation-SmoothL1=42.033541
Epoch[26] Train-Acc=0.761339
Epoch[26] Train-ObjectAcc=0.088985
Epoch[26] Train-SmoothL1=27.015014
Epoch[26] Time cost=3.238
Saved checkpoint to "/home/iiie/our-mxnet-ssd/model/ssd_300-0027.params"
Epoch[26] Validation-Acc=0.746171
Epoch[26] Validation-ObjectAcc=0.000000
Epoch[26] Validation-SmoothL1=43.594337
Epoch[27] Train-Acc=0.765982
Epoch[27] Train-ObjectAcc=0.109659
Epoch[27] Train-SmoothL1=24.352865
Epoch[27] Time cost=3.230
Saved checkpoint to "/home/iiie/our-mxnet-ssd/model/ssd_300-0028.params"
Epoch[27] Validation-Acc=0.744681
Epoch[27] Validation-ObjectAcc=0.000000
Epoch[27] Validation-SmoothL1=42.670174
Epoch[28] Train-Acc=0.761089
Epoch[28] Train-ObjectAcc=0.066532
Epoch[28] Train-SmoothL1=29.252899
Epoch[28] Time cost=3.366
Saved checkpoint to "/home/iiie/our-mxnet-ssd/model/ssd_300-0029.params"
Epoch[28] Validation-Acc=0.746732
Epoch[28] Validation-ObjectAcc=0.000000
Epoch[28] Validation-SmoothL1=44.171133
Epoch[29] Train-Acc=0.765933
Epoch[29] Train-ObjectAcc=0.108247
Epoch[29] Train-SmoothL1=24.227626
Epoch[29] Time cost=3.256
Saved checkpoint to "/home/iiie/our-mxnet-ssd/model/ssd_300-0030.params"
Epoch[29] Validation-Acc=0.745937
Epoch[29] Validation-ObjectAcc=0.000000
Epoch[29] Validation-SmoothL1=44.673887
Epoch[30] Train-Acc=0.766133
Epoch[30] Train-ObjectAcc=0.100743
Epoch[30] Train-SmoothL1=24.180091
Epoch[30] Time cost=3.169
Saved checkpoint to "/home/iiie/our-mxnet-ssd/model/ssd_300-0031.params"
Epoch[30] Validation-Acc=0.746471
Epoch[30] Validation-ObjectAcc=0.000000
Epoch[30] Validation-SmoothL1=44.549597
Epoch[31] Train-Acc=0.765506
Epoch[31] Train-ObjectAcc=0.113879
Epoch[31] Train-SmoothL1=21.749691
Epoch[31] Time cost=3.237
Saved checkpoint to "/home/iiie/our-mxnet-ssd/model/ssd_300-0032.params"
Epoch[31] Validation-Acc=0.747562
Epoch[31] Validation-ObjectAcc=0.000000
Epoch[31] Validation-SmoothL1=43.908455
Epoch[32] Train-Acc=0.765866
Epoch[32] Train-ObjectAcc=0.104993
Epoch[32] Train-SmoothL1=24.006159
Epoch[32] Time cost=3.225
Saved checkpoint to "/home/iiie/our-mxnet-ssd/model/ssd_300-0033.params"
Epoch[32] Validation-Acc=0.746452
Epoch[32] Validation-ObjectAcc=0.000000
Epoch[32] Validation-SmoothL1=44.177578
Epoch[33] Train-Acc=0.763576
Epoch[33] Train-ObjectAcc=0.090508
Epoch[33] Train-SmoothL1=25.531566
Epoch[33] Time cost=3.271
Saved checkpoint to "/home/iiie/our-mxnet-ssd/model/ssd_300-0034.params"
Epoch[33] Validation-Acc=0.746674
Epoch[33] Validation-ObjectAcc=0.000000
Epoch[33] Validation-SmoothL1=43.054447
Epoch[34] Train-Acc=0.767914
Epoch[34] Train-ObjectAcc=0.114560
Epoch[34] Train-SmoothL1=24.414867
Epoch[34] Time cost=3.239
Saved checkpoint to "/home/iiie/our-mxnet-ssd/model/ssd_300-0035.params"
Epoch[34] Validation-Acc=0.747008
Epoch[34] Validation-ObjectAcc=0.000000
Epoch[34] Validation-SmoothL1=43.842934
Epoch[35] Train-Acc=0.761422
Epoch[35] Train-ObjectAcc=0.078138
Epoch[35] Train-SmoothL1=27.370337
Epoch[35] Time cost=3.421
Saved checkpoint to "/home/iiie/our-mxnet-ssd/model/ssd_300-0036.params"
Epoch[35] Validation-Acc=0.745609
Epoch[35] Validation-ObjectAcc=0.000000
Epoch[35] Validation-SmoothL1=43.614962
Epoch[36] Train-Acc=0.763405
Epoch[36] Train-ObjectAcc=0.111947
Epoch[36] Train-SmoothL1=24.034177
Epoch[36] Time cost=3.259
Saved checkpoint to "/home/iiie/our-mxnet-ssd/model/ssd_300-0037.params"
Epoch[36] Validation-Acc=0.745293
Epoch[36] Validation-ObjectAcc=0.000000
Epoch[36] Validation-SmoothL1=43.161505
Epoch[37] Train-Acc=0.763678
Epoch[37] Train-ObjectAcc=0.089883
Epoch[37] Train-SmoothL1=25.931572
Epoch[37] Time cost=3.254
Saved checkpoint to "/home/iiie/our-mxnet-ssd/model/ssd_300-0038.params"
Epoch[37] Validation-Acc=0.746265
Epoch[37] Validation-ObjectAcc=0.000000
Epoch[37] Validation-SmoothL1=45.221735
Epoch[38] Train-Acc=0.763231
Epoch[38] Train-ObjectAcc=0.098942
Epoch[38] Train-SmoothL1=24.235056
Epoch[38] Time cost=3.267
Saved checkpoint to "/home/iiie/our-mxnet-ssd/model/ssd_300-0039.params"
Epoch[38] Validation-Acc=0.746133
Epoch[38] Validation-ObjectAcc=0.000000
Epoch[38] Validation-SmoothL1=43.740665
Epoch[39] Train-Acc=0.771833
Epoch[39] Train-ObjectAcc=0.129079
Epoch[39] Train-SmoothL1=22.008191
Epoch[39] Time cost=3.261
Saved checkpoint to "/home/iiie/our-mxnet-ssd/model/ssd_300-0040.params"
Epoch[39] Validation-Acc=0.745375
Epoch[39] Validation-ObjectAcc=0.000000
Epoch[39] Validation-SmoothL1=44.460510
Epoch[40] Train-Acc=0.766857
Epoch[40] Train-ObjectAcc=0.114031
Epoch[40] Train-SmoothL1=22.427733
Epoch[40] Time cost=3.194
Saved checkpoint to "/home/iiie/our-mxnet-ssd/model/ssd_300-0041.params"
Epoch[40] Validation-Acc=0.746995
Epoch[40] Validation-ObjectAcc=0.000000
Epoch[40] Validation-SmoothL1=43.856678
Epoch[41] Train-Acc=0.760587
Epoch[41] Train-ObjectAcc=0.085178
Epoch[41] Train-SmoothL1=23.902898
Epoch[41] Time cost=3.275
Saved checkpoint to "/home/iiie/our-mxnet-ssd/model/ssd_300-0042.params"
Epoch[41] Validation-Acc=0.746879
Epoch[41] Validation-ObjectAcc=0.000000
Epoch[41] Validation-SmoothL1=42.090422
Epoch[42] Train-Acc=0.760150
Epoch[42] Train-ObjectAcc=0.082051
Epoch[42] Train-SmoothL1=26.768456
Epoch[42] Time cost=3.272
Saved checkpoint to "/home/iiie/our-mxnet-ssd/model/ssd_300-0043.params"
Epoch[42] Validation-Acc=0.744174
Epoch[42] Validation-ObjectAcc=0.000000
Epoch[42] Validation-SmoothL1=45.058548
Update[305]: Change learning rate to 9.00000e-04
Epoch[43] Train-Acc=0.764628
Epoch[43] Train-ObjectAcc=0.108227
Epoch[43] Train-SmoothL1=25.498197
Epoch[43] Time cost=3.349
Saved checkpoint to "/home/iiie/our-mxnet-ssd/model/ssd_300-0044.params"
Epoch[43] Validation-Acc=0.748411
Epoch[43] Validation-ObjectAcc=0.000000
Epoch[43] Validation-SmoothL1=45.183487
Epoch[44] Train-Acc=0.764026
Epoch[44] Train-ObjectAcc=0.110862
Epoch[44] Train-SmoothL1=24.756010
Epoch[44] Time cost=3.184
Saved checkpoint to "/home/iiie/our-mxnet-ssd/model/ssd_300-0045.params"
Epoch[44] Validation-Acc=0.743702
Epoch[44] Validation-ObjectAcc=0.000000
Epoch[44] Validation-SmoothL1=43.567162
Epoch[45] Train-Acc=0.767300
Epoch[45] Train-ObjectAcc=0.119396
Epoch[45] Train-SmoothL1=22.503772
Epoch[45] Time cost=3.227
Saved checkpoint to "/home/iiie/our-mxnet-ssd/model/ssd_300-0046.params"
Epoch[45] Validation-Acc=0.747078
Epoch[45] Validation-ObjectAcc=0.000000
Epoch[45] Validation-SmoothL1=45.153708
Epoch[46] Train-Acc=0.764524
Epoch[46] Train-ObjectAcc=0.088747
Epoch[46] Train-SmoothL1=25.006559
Epoch[46] Time cost=3.258
Saved checkpoint to "/home/iiie/our-mxnet-ssd/model/ssd_300-0047.params"
Epoch[46] Validation-Acc=0.740545
Epoch[46] Validation-ObjectAcc=0.000000
Epoch[46] Validation-SmoothL1=42.643908
Epoch[47] Train-Acc=0.760769
Epoch[47] Train-ObjectAcc=0.095439
Epoch[47] Train-SmoothL1=26.940616
Epoch[47] Time cost=3.241
Saved checkpoint to "/home/iiie/our-mxnet-ssd/model/ssd_300-0048.params"
Epoch[47] Validation-Acc=0.747588
Epoch[47] Validation-ObjectAcc=0.000000
Epoch[47] Validation-SmoothL1=44.861378
Epoch[48] Train-Acc=0.761400
Epoch[48] Train-ObjectAcc=0.072959
Epoch[48] Train-SmoothL1=25.006495
Epoch[48] Time cost=3.280
Saved checkpoint to "/home/iiie/our-mxnet-ssd/model/ssd_300-0049.params"
Epoch[48] Validation-Acc=0.746385
Epoch[48] Validation-ObjectAcc=0.000000
Epoch[48] Validation-SmoothL1=42.815508
Epoch[49] Train-Acc=0.766543
Epoch[49] Train-ObjectAcc=0.090988
Epoch[49] Train-SmoothL1=26.714689
Epoch[49] Time cost=3.316
Saved checkpoint to "/home/iiie/our-mxnet-ssd/model/ssd_300-0050.params"
Epoch[49] Validation-Acc=0.745218
Epoch[49] Validation-ObjectAcc=0.000000
Epoch[49] Validation-SmoothL1=45.282537
Epoch[50] Train-Acc=0.766828
Epoch[50] Train-ObjectAcc=0.107787
Epoch[50] Train-SmoothL1=25.377094
Epoch[50] Time cost=3.282
Saved checkpoint to "/home/iiie/our-mxnet-ssd/model/ssd_300-0051.params"
Epoch[50] Validation-Acc=0.747343
Epoch[50] Validation-ObjectAcc=0.000000
Epoch[50] Validation-SmoothL1=44.774487
Epoch[51] Train-Acc=0.769159
Epoch[51] Train-ObjectAcc=0.114957
Epoch[51] Train-SmoothL1=27.135584
Epoch[51] Time cost=3.327
Saved checkpoint to "/home/iiie/our-mxnet-ssd/model/ssd_300-0052.params"
Epoch[51] Validation-Acc=0.746183
Epoch[51] Validation-ObjectAcc=0.000000
Epoch[51] Validation-SmoothL1=43.749470
Epoch[52] Train-Acc=0.773150
Epoch[52] Train-ObjectAcc=0.137350
Epoch[52] Train-SmoothL1=24.882991
Epoch[52] Time cost=3.474
Saved checkpoint to "/home/iiie/our-mxnet-ssd/model/ssd_300-0053.params"
Epoch[52] Validation-Acc=0.743976
Epoch[52] Validation-ObjectAcc=0.000000
Epoch[52] Validation-SmoothL1=43.707493
Epoch[53] Train-Acc=0.772339
Epoch[53] Train-ObjectAcc=0.129518
Epoch[53] Train-SmoothL1=21.780864
Epoch[53] Time cost=3.397
Saved checkpoint to "/home/iiie/our-mxnet-ssd/model/ssd_300-0054.params"
Epoch[53] Validation-Acc=0.744134
Epoch[53] Validation-ObjectAcc=0.000000
Epoch[53] Validation-SmoothL1=42.805494
Epoch[54] Train-Acc=0.765007
Epoch[54] Train-ObjectAcc=0.103088
Epoch[54] Train-SmoothL1=26.390113
Epoch[54] Time cost=3.261
Saved checkpoint to "/home/iiie/our-mxnet-ssd/model/ssd_300-0055.params"
Epoch[54] Validation-Acc=0.745511
Epoch[54] Validation-ObjectAcc=0.000000
Epoch[54] Validation-SmoothL1=42.438042
Epoch[55] Train-Acc=0.768473
Epoch[55] Train-ObjectAcc=0.108822
Epoch[55] Train-SmoothL1=25.289582
Epoch[55] Time cost=3.238
Saved checkpoint to "/home/iiie/our-mxnet-ssd/model/ssd_300-0056.params"
Epoch[55] Validation-Acc=0.744641
Epoch[55] Validation-ObjectAcc=0.000000
Epoch[55] Validation-SmoothL1=44.709122
Epoch[56] Train-Acc=0.766304
Epoch[56] Train-ObjectAcc=0.104995
Epoch[56] Train-SmoothL1=24.410477
Epoch[56] Time cost=3.281
Saved checkpoint to "/home/iiie/our-mxnet-ssd/model/ssd_300-0057.params"
Epoch[56] Validation-Acc=0.746689
Epoch[56] Validation-ObjectAcc=0.000000
Epoch[56] Validation-SmoothL1=43.198009
Epoch[57] Train-Acc=0.767497
Epoch[57] Train-ObjectAcc=0.104083
Epoch[57] Train-SmoothL1=25.299507
Epoch[57] Time cost=3.207
Saved checkpoint to "/home/iiie/our-mxnet-ssd/model/ssd_300-0058.params"
Epoch[57] Validation-Acc=0.747271
Epoch[57] Validation-ObjectAcc=0.000000
Epoch[57] Validation-SmoothL1=44.195190
Epoch[58] Train-Acc=0.769642
Epoch[58] Train-ObjectAcc=0.125808
Epoch[58] Train-SmoothL1=21.256315
Epoch[58] Time cost=3.371
Saved checkpoint to "/home/iiie/our-mxnet-ssd/model/ssd_300-0059.params"
Epoch[58] Validation-Acc=0.745560
Epoch[58] Validation-ObjectAcc=0.000000
Epoch[58] Validation-SmoothL1=43.333769
Epoch[59] Train-Acc=0.765230
Epoch[59] Train-ObjectAcc=0.099957
Epoch[59] Train-SmoothL1=26.312673
Epoch[59] Time cost=3.263
Saved checkpoint to "/home/iiie/our-mxnet-ssd/model/ssd_300-0060.params"
Epoch[59] Validation-Acc=0.743184
Epoch[59] Validation-ObjectAcc=0.000000
Epoch[59] Validation-SmoothL1=43.980234
Epoch[60] Train-Acc=0.771590
Epoch[60] Train-ObjectAcc=0.129306
Epoch[60] Train-SmoothL1=22.976707
Epoch[60] Time cost=3.240
Saved checkpoint to "/home/iiie/our-mxnet-ssd/model/ssd_300-0061.params"
Epoch[60] Validation-Acc=0.744904
Epoch[60] Validation-ObjectAcc=0.000000
Epoch[60] Validation-SmoothL1=42.226192
Epoch[61] Train-Acc=0.762785
Epoch[61] Train-ObjectAcc=0.085088
Epoch[61] Train-SmoothL1=26.796597
Epoch[61] Time cost=3.212
Saved checkpoint to "/home/iiie/our-mxnet-ssd/model/ssd_300-0062.params"
Epoch[61] Validation-Acc=0.746641
Epoch[61] Validation-ObjectAcc=0.000000
Epoch[61] Validation-SmoothL1=42.550798
Epoch[62] Train-Acc=0.765319
Epoch[62] Train-ObjectAcc=0.093872
Epoch[62] Train-SmoothL1=26.042070
Epoch[62] Time cost=3.264
Saved checkpoint to "/home/iiie/our-mxnet-ssd/model/ssd_300-0063.params"
Epoch[62] Validation-Acc=0.744952
Epoch[62] Validation-ObjectAcc=0.000000
Epoch[62] Validation-SmoothL1=45.298864
Epoch[63] Train-Acc=0.762627
Epoch[63] Train-ObjectAcc=0.093142
Epoch[63] Train-SmoothL1=24.004480
Epoch[63] Time cost=3.209
Saved checkpoint to "/home/iiie/our-mxnet-ssd/model/ssd_300-0064.params"
Epoch[63] Validation-Acc=0.745420
Epoch[63] Validation-ObjectAcc=0.000000
Epoch[63] Validation-SmoothL1=44.602514
Epoch[64] Train-Acc=0.765306
Epoch[64] Train-ObjectAcc=0.089883
Epoch[64] Train-SmoothL1=26.411630
Epoch[64] Time cost=3.311
Saved checkpoint to "/home/iiie/our-mxnet-ssd/model/ssd_300-0065.params"
Epoch[64] Validation-Acc=0.748333
Epoch[64] Validation-ObjectAcc=0.000000
Epoch[64] Validation-SmoothL1=43.097483
Epoch[65] Train-Acc=0.764693
Epoch[65] Train-ObjectAcc=0.086635
Epoch[65] Train-SmoothL1=26.371900
Epoch[65] Time cost=3.354
Saved checkpoint to "/home/iiie/our-mxnet-ssd/model/ssd_300-0066.params"
Epoch[65] Validation-Acc=0.748605
Epoch[65] Validation-ObjectAcc=0.000000
Epoch[65] Validation-SmoothL1=42.548018
Epoch[66] Train-Acc=0.769850
Epoch[66] Train-ObjectAcc=0.115245
Epoch[66] Train-SmoothL1=23.888115
Epoch[66] Time cost=3.201
Saved checkpoint to "/home/iiie/our-mxnet-ssd/model/ssd_300-0067.params"
Epoch[66] Validation-Acc=0.745911
Epoch[66] Validation-ObjectAcc=0.000000
Epoch[66] Validation-SmoothL1=44.215452
Epoch[67] Train-Acc=0.765696
Epoch[67] Train-ObjectAcc=0.084914
Epoch[67] Train-SmoothL1=24.651439
Epoch[67] Time cost=3.229
Saved checkpoint to "/home/iiie/our-mxnet-ssd/model/ssd_300-0068.params"
Epoch[67] Validation-Acc=0.744147
Epoch[67] Validation-ObjectAcc=0.000000
Epoch[67] Validation-SmoothL1=42.473345
Epoch[68] Train-Acc=0.771582
Epoch[68] Train-ObjectAcc=0.138723
Epoch[68] Train-SmoothL1=21.786311
Epoch[68] Time cost=3.304
Saved checkpoint to "/home/iiie/our-mxnet-ssd/model/ssd_300-0069.params"
Epoch[68] Validation-Acc=0.747788
Epoch[68] Validation-ObjectAcc=0.000000
Epoch[68] Validation-SmoothL1=42.931234
Epoch[69] Train-Acc=0.762826
Epoch[69] Train-ObjectAcc=0.081458
Epoch[69] Train-SmoothL1=25.644444
Epoch[69] Time cost=3.272
Saved checkpoint to "/home/iiie/our-mxnet-ssd/model/ssd_300-0070.params"
Epoch[69] Validation-Acc=0.747562
Epoch[69] Validation-ObjectAcc=0.000000
Epoch[69] Validation-SmoothL1=43.981518
Epoch[70] Train-Acc=0.768961
Epoch[70] Train-ObjectAcc=0.126873
Epoch[70] Train-SmoothL1=23.583202
Epoch[70] Time cost=3.249
Saved checkpoint to "/home/iiie/our-mxnet-ssd/model/ssd_300-0071.params"
Epoch[70] Validation-Acc=0.744606
Epoch[70] Validation-ObjectAcc=0.000000
Epoch[70] Validation-SmoothL1=44.175261
Epoch[71] Train-Acc=0.764810
Epoch[71] Train-ObjectAcc=0.077104
Epoch[71] Train-SmoothL1=23.665511
Epoch[71] Time cost=3.256
Saved checkpoint to "/home/iiie/our-mxnet-ssd/model/ssd_300-0072.params"
Epoch[71] Validation-Acc=0.748637
Epoch[71] Validation-ObjectAcc=0.000000
Epoch[71] Validation-SmoothL1=43.756329
Epoch[72] Train-Acc=0.770704
Epoch[72] Train-ObjectAcc=0.127812
Epoch[72] Train-SmoothL1=22.780973
Epoch[72] Time cost=3.271
Saved checkpoint to "/home/iiie/our-mxnet-ssd/model/ssd_300-0073.params"
Epoch[72] Validation-Acc=0.747049
Epoch[72] Validation-ObjectAcc=0.000000
Epoch[72] Validation-SmoothL1=44.334663
Epoch[73] Train-Acc=0.765304
Epoch[73] Train-ObjectAcc=0.089995
Epoch[73] Train-SmoothL1=24.639650
Epoch[73] Time cost=3.235
Saved checkpoint to "/home/iiie/our-mxnet-ssd/model/ssd_300-0074.params"
Epoch[73] Validation-Acc=0.744192
Epoch[73] Validation-ObjectAcc=0.000000
Epoch[73] Validation-SmoothL1=42.925922
Epoch[74] Train-Acc=0.765534
Epoch[74] Train-ObjectAcc=0.113992
Epoch[74] Train-SmoothL1=25.194575
Epoch[74] Time cost=3.213
Saved checkpoint to "/home/iiie/our-mxnet-ssd/model/ssd_300-0075.params"
Epoch[74] Validation-Acc=0.746703
Epoch[74] Validation-ObjectAcc=0.000000
Epoch[74] Validation-SmoothL1=43.475323
Epoch[75] Train-Acc=0.763438
Epoch[75] Train-ObjectAcc=0.084262
Epoch[75] Train-SmoothL1=23.014769
Epoch[75] Time cost=3.177
Saved checkpoint to "/home/iiie/our-mxnet-ssd/model/ssd_300-0076.params"
Epoch[75] Validation-Acc=0.748652
Epoch[75] Validation-ObjectAcc=0.000000
Epoch[75] Validation-SmoothL1=43.878263
Epoch[76] Train-Acc=0.762086
Epoch[76] Train-ObjectAcc=0.076544
Epoch[76] Train-SmoothL1=25.821559
Epoch[76] Time cost=3.233
Saved checkpoint to "/home/iiie/our-mxnet-ssd/model/ssd_300-0077.params"
Epoch[76] Validation-Acc=0.745103
Epoch[76] Validation-ObjectAcc=0.000000
Epoch[76] Validation-SmoothL1=44.060518
Epoch[77] Train-Acc=0.767994
Epoch[77] Train-ObjectAcc=0.121008
Epoch[77] Train-SmoothL1=23.868062
Epoch[77] Time cost=3.215
Saved checkpoint to "/home/iiie/our-mxnet-ssd/model/ssd_300-0078.params"
Epoch[77] Validation-Acc=0.745273
Epoch[77] Validation-ObjectAcc=0.000000
Epoch[77] Validation-SmoothL1=42.392063
Epoch[78] Train-Acc=0.765097
Epoch[78] Train-ObjectAcc=0.097792
Epoch[78] Train-SmoothL1=25.554996
Epoch[78] Time cost=3.245
Saved checkpoint to "/home/iiie/our-mxnet-ssd/model/ssd_300-0079.params"
Epoch[78] Validation-Acc=0.747253
Epoch[78] Validation-ObjectAcc=0.000000
Epoch[78] Validation-SmoothL1=43.364538
Epoch[79] Train-Acc=0.768201
Epoch[79] Train-ObjectAcc=0.107143
Epoch[79] Train-SmoothL1=24.179144
Epoch[79] Time cost=3.263
Saved checkpoint to "/home/iiie/our-mxnet-ssd/model/ssd_300-0080.params"
Epoch[79] Validation-Acc=0.745087
Epoch[79] Validation-ObjectAcc=0.000000
Epoch[79] Validation-SmoothL1=43.051439
Epoch[80] Train-Acc=0.764878
Epoch[80] Train-ObjectAcc=0.095127
Epoch[80] Train-SmoothL1=23.740269
Epoch[80] Time cost=3.270
Saved checkpoint to "/home/iiie/our-mxnet-ssd/model/ssd_300-0081.params"
Epoch[80] Validation-Acc=0.748352
Epoch[80] Validation-ObjectAcc=0.000000
Epoch[80] Validation-SmoothL1=43.307524
Epoch[81] Train-Acc=0.768453
Epoch[81] Train-ObjectAcc=0.109544
Epoch[81] Train-SmoothL1=23.467945
Epoch[81] Time cost=3.269
Saved checkpoint to "/home/iiie/our-mxnet-ssd/model/ssd_300-0082.params"
Epoch[81] Validation-Acc=0.745976
Epoch[81] Validation-ObjectAcc=0.000000
Epoch[81] Validation-SmoothL1=44.345875
Epoch[82] Train-Acc=0.766949
Epoch[82] Train-ObjectAcc=0.111582
Epoch[82] Train-SmoothL1=23.157740
Epoch[82] Time cost=3.371
Saved checkpoint to "/home/iiie/our-mxnet-ssd/model/ssd_300-0083.params"
Epoch[82] Validation-Acc=0.746579
Epoch[82] Validation-ObjectAcc=0.000000
Epoch[82] Validation-SmoothL1=41.494732
Epoch[83] Train-Acc=0.766272
Epoch[83] Train-ObjectAcc=0.092241
Epoch[83] Train-SmoothL1=26.039488
Epoch[83] Time cost=3.217
Saved checkpoint to "/home/iiie/our-mxnet-ssd/model/ssd_300-0084.params"
Epoch[83] Validation-Acc=0.746452
Epoch[83] Validation-ObjectAcc=0.000000
Epoch[83] Validation-SmoothL1=43.494759
Epoch[84] Train-Acc=0.763759
Epoch[84] Train-ObjectAcc=0.093653
Epoch[84] Train-SmoothL1=25.890860
Epoch[84] Time cost=3.268
Saved checkpoint to "/home/iiie/our-mxnet-ssd/model/ssd_300-0085.params"
Epoch[84] Validation-Acc=0.746924
Epoch[84] Validation-ObjectAcc=0.000000
Epoch[84] Validation-SmoothL1=42.167744
Epoch[85] Train-Acc=0.768604
Epoch[85] Train-ObjectAcc=0.100597
Epoch[85] Train-SmoothL1=23.876928
Epoch[85] Time cost=3.270
Saved checkpoint to "/home/iiie/our-mxnet-ssd/model/ssd_300-0086.params"
Epoch[85] Validation-Acc=0.747225
Epoch[85] Validation-ObjectAcc=0.000000
Epoch[85] Validation-SmoothL1=42.516685
Update[609]: Change learning rate to 8.10000e-04
Epoch[86] Train-Acc=0.767556
Epoch[86] Train-ObjectAcc=0.111263
Epoch[86] Train-SmoothL1=24.071365
Epoch[86] Time cost=3.188
Saved checkpoint to "/home/iiie/our-mxnet-ssd/model/ssd_300-0087.params"
Epoch[86] Validation-Acc=0.745787
Epoch[86] Validation-ObjectAcc=0.000000
Epoch[86] Validation-SmoothL1=41.944874
Epoch[87] Train-Acc=0.765535
Epoch[87] Train-ObjectAcc=0.094984
Epoch[87] Train-SmoothL1=25.035683
Epoch[87] Time cost=3.257
Saved checkpoint to "/home/iiie/our-mxnet-ssd/model/ssd_300-0088.params"
Epoch[87] Validation-Acc=0.748106
Epoch[87] Validation-ObjectAcc=0.000000
Epoch[87] Validation-SmoothL1=43.497997
Epoch[88] Train-Acc=0.764352
Epoch[88] Train-ObjectAcc=0.079217
Epoch[88] Train-SmoothL1=25.433004
Epoch[88] Time cost=3.214
Saved checkpoint to "/home/iiie/our-mxnet-ssd/model/ssd_300-0089.params"
Epoch[88] Validation-Acc=0.747059
Epoch[88] Validation-ObjectAcc=0.000000
Epoch[88] Validation-SmoothL1=44.404415
Epoch[89] Train-Acc=0.769088
Epoch[89] Train-ObjectAcc=0.119852
Epoch[89] Train-SmoothL1=23.900195
Epoch[89] Time cost=3.304
Saved checkpoint to "/home/iiie/our-mxnet-ssd/model/ssd_300-0090.params"
Epoch[89] Validation-Acc=0.746951
Epoch[89] Validation-ObjectAcc=0.000000
Epoch[89] Validation-SmoothL1=42.322269
Epoch[90] Train-Acc=0.773456
Epoch[90] Train-ObjectAcc=0.120762
Epoch[90] Train-SmoothL1=22.992764
Epoch[90] Time cost=3.238
Saved checkpoint to "/home/iiie/our-mxnet-ssd/model/ssd_300-0091.params"
Epoch[90] Validation-Acc=0.746625
Epoch[90] Validation-ObjectAcc=0.000000
Epoch[90] Validation-SmoothL1=41.392742
Epoch[91] Train-Acc=0.765142
Epoch[91] Train-ObjectAcc=0.094118
Epoch[91] Train-SmoothL1=25.863177
Epoch[91] Time cost=3.299
Saved checkpoint to "/home/iiie/our-mxnet-ssd/model/ssd_300-0092.params"
Epoch[91] Validation-Acc=0.745694
Epoch[91] Validation-ObjectAcc=0.000000
Epoch[91] Validation-SmoothL1=43.519148
Epoch[92] Train-Acc=0.764699
Epoch[92] Train-ObjectAcc=0.096127
Epoch[92] Train-SmoothL1=23.520298
Epoch[92] Time cost=3.236
Saved checkpoint to "/home/iiie/our-mxnet-ssd/model/ssd_300-0093.params"
Epoch[92] Validation-Acc=0.747204
Epoch[92] Validation-ObjectAcc=0.000000
Epoch[92] Validation-SmoothL1=41.614206
Epoch[93] Train-Acc=0.772739
Epoch[93] Train-ObjectAcc=0.126016
Epoch[93] Train-SmoothL1=20.463943
Epoch[93] Time cost=3.218
Saved checkpoint to "/home/iiie/our-mxnet-ssd/model/ssd_300-0094.params"
Epoch[93] Validation-Acc=0.743743
Epoch[93] Validation-ObjectAcc=0.000000
Epoch[93] Validation-SmoothL1=42.822388
Epoch[94] Train-Acc=0.769339
Epoch[94] Train-ObjectAcc=0.127051
Epoch[94] Train-SmoothL1=22.953462
Epoch[94] Time cost=3.211
Saved checkpoint to "/home/iiie/our-mxnet-ssd/model/ssd_300-0095.params"
Epoch[94] Validation-Acc=0.746397
Epoch[94] Validation-ObjectAcc=0.000000
Epoch[94] Validation-SmoothL1=42.506441
Epoch[95] Train-Acc=0.762717
Epoch[95] Train-ObjectAcc=0.080435
Epoch[95] Train-SmoothL1=25.860854
Epoch[95] Time cost=3.199
Saved checkpoint to "/home/iiie/our-mxnet-ssd/model/ssd_300-0096.params"
Epoch[95] Validation-Acc=0.744173
Epoch[95] Validation-ObjectAcc=0.000000
Epoch[95] Validation-SmoothL1=41.963785
Epoch[96] Train-Acc=0.765359
Epoch[96] Train-ObjectAcc=0.111659
Epoch[96] Train-SmoothL1=24.017096
Epoch[96] Time cost=3.250
Saved checkpoint to "/home/iiie/our-mxnet-ssd/model/ssd_300-0097.params"
Epoch[96] Validation-Acc=0.747014
Epoch[96] Validation-ObjectAcc=0.000000
Epoch[96] Validation-SmoothL1=43.609051
Epoch[97] Train-Acc=0.765539
Epoch[97] Train-ObjectAcc=0.091408
Epoch[97] Train-SmoothL1=24.247007
Epoch[97] Time cost=3.287
Saved checkpoint to "/home/iiie/our-mxnet-ssd/model/ssd_300-0098.params"
Epoch[97] Validation-Acc=0.748932
Epoch[97] Validation-ObjectAcc=0.000000
Epoch[97] Validation-SmoothL1=44.150042
Epoch[98] Train-Acc=0.765495
Epoch[98] Train-ObjectAcc=0.091582
Epoch[98] Train-SmoothL1=23.639630
Epoch[98] Time cost=3.242
Saved checkpoint to "/home/iiie/our-mxnet-ssd/model/ssd_300-0099.params"
Epoch[98] Validation-Acc=0.747008
Epoch[98] Validation-ObjectAcc=0.000000
Epoch[98] Validation-SmoothL1=43.384651
Epoch[99] Train-Acc=0.768056
Epoch[99] Train-ObjectAcc=0.121212
Epoch[99] Train-SmoothL1=21.204697
Epoch[99] Time cost=3.256
Saved checkpoint to "/home/iiie/our-mxnet-ssd/model/ssd_300-0100.params"
Epoch[99] Validation-Acc=0.749195
Epoch[99] Validation-ObjectAcc=0.000000
Epoch[99] Validation-SmoothL1=43.818880
Epoch[100] Train-Acc=0.766754
Epoch[100] Train-ObjectAcc=0.083772
Epoch[100] Train-SmoothL1=22.560852
Epoch[100] Time cost=3.264
Saved checkpoint to "/home/iiie/our-mxnet-ssd/model/ssd_300-0101.params"
Epoch[100] Validation-Acc=0.748311
Epoch[100] Validation-ObjectAcc=0.000000
Epoch[100] Validation-SmoothL1=41.232338
Epoch[101] Train-Acc=0.768443
Epoch[101] Train-ObjectAcc=0.121585
Epoch[101] Train-SmoothL1=23.706660
Epoch[101] Time cost=3.228
Saved checkpoint to "/home/iiie/our-mxnet-ssd/model/ssd_300-0102.params"
Epoch[101] Validation-Acc=0.747178
Epoch[101] Validation-ObjectAcc=0.000000
Epoch[101] Validation-SmoothL1=41.464685
Epoch[102] Train-Acc=0.772810
Epoch[102] Train-ObjectAcc=0.142857
Epoch[102] Train-SmoothL1=19.742750
Epoch[102] Time cost=3.339
Saved checkpoint to "/home/iiie/our-mxnet-ssd/model/ssd_300-0103.params"
Epoch[102] Validation-Acc=0.748326
Epoch[102] Validation-ObjectAcc=0.000000
Epoch[102] Validation-SmoothL1=41.293827
Epoch[103] Train-Acc=0.774068
Epoch[103] Train-ObjectAcc=0.129778
Epoch[103] Train-SmoothL1=22.360396
Epoch[103] Time cost=3.318
Saved checkpoint to "/home/iiie/our-mxnet-ssd/model/ssd_300-0104.params"
Epoch[103] Validation-Acc=0.747241
Epoch[103] Validation-ObjectAcc=0.000000
Epoch[103] Validation-SmoothL1=42.111370
Epoch[104] Train-Acc=0.770905
Epoch[104] Train-ObjectAcc=0.125431
Epoch[104] Train-SmoothL1=24.989480
Epoch[104] Time cost=3.322
Saved checkpoint to "/home/iiie/our-mxnet-ssd/model/ssd_300-0105.params"
Epoch[104] Validation-Acc=0.745119
Epoch[104] Validation-ObjectAcc=0.000000
Epoch[104] Validation-SmoothL1=42.853014
Epoch[105] Train-Acc=0.761355
Epoch[105] Train-ObjectAcc=0.084405
Epoch[105] Train-SmoothL1=28.168036
Epoch[105] Time cost=3.290
Saved checkpoint to "/home/iiie/our-mxnet-ssd/model/ssd_300-0106.params"
Epoch[105] Validation-Acc=0.749170
Epoch[105] Validation-ObjectAcc=0.000000
Epoch[105] Validation-SmoothL1=41.779869
Epoch[106] Train-Acc=0.764286
Epoch[106] Train-ObjectAcc=0.075604
Epoch[106] Train-SmoothL1=25.134270
Epoch[106] Time cost=3.201
Saved checkpoint to "/home/iiie/our-mxnet-ssd/model/ssd_300-0107.params"
Epoch[106] Validation-Acc=0.748079
Epoch[106] Validation-ObjectAcc=0.000000
Epoch[106] Validation-SmoothL1=41.775385
Epoch[107] Train-Acc=0.767824
Epoch[107] Train-ObjectAcc=0.103036
Epoch[107] Train-SmoothL1=23.285094
Epoch[107] Time cost=3.298
Saved checkpoint to "/home/iiie/our-mxnet-ssd/model/ssd_300-0108.params"
Epoch[107] Validation-Acc=0.746502
Epoch[107] Validation-ObjectAcc=0.000000
Epoch[107] Validation-SmoothL1=42.254656
Epoch[108] Train-Acc=0.780684
Epoch[108] Train-ObjectAcc=0.173643
Epoch[108] Train-SmoothL1=17.385604
Epoch[108] Time cost=3.179
Saved checkpoint to "/home/iiie/our-mxnet-ssd/model/ssd_300-0109.params"
Epoch[108] Validation-Acc=0.748102
Epoch[108] Validation-ObjectAcc=0.000000
Epoch[108] Validation-SmoothL1=41.848640
Epoch[109] Train-Acc=0.772538
Epoch[109] Train-ObjectAcc=0.119279
Epoch[109] Train-SmoothL1=22.795994
Epoch[109] Time cost=3.295
Saved checkpoint to "/home/iiie/our-mxnet-ssd/model/ssd_300-0110.params"
Epoch[109] Validation-Acc=0.747738
Epoch[109] Validation-ObjectAcc=0.000000
Epoch[109] Validation-SmoothL1=39.860510
Epoch[110] Train-Acc=0.766600
Epoch[110] Train-ObjectAcc=0.109180
Epoch[110] Train-SmoothL1=24.211229
Epoch[110] Time cost=3.287
Saved checkpoint to "/home/iiie/our-mxnet-ssd/model/ssd_300-0111.params"
Epoch[110] Validation-Acc=0.748112
Epoch[110] Validation-ObjectAcc=0.000000
Epoch[110] Validation-SmoothL1=41.115055
Epoch[111] Train-Acc=0.770724
Epoch[111] Train-ObjectAcc=0.106241
Epoch[111] Train-SmoothL1=22.091185
Epoch[111] Time cost=3.303
Saved checkpoint to "/home/iiie/our-mxnet-ssd/model/ssd_300-0112.params"
Epoch[111] Validation-Acc=0.749187
Epoch[111] Validation-ObjectAcc=0.000000
Epoch[111] Validation-SmoothL1=41.184536
Epoch[112] Train-Acc=0.770283
Epoch[112] Train-ObjectAcc=0.114738
Epoch[112] Train-SmoothL1=21.655612
Epoch[112] Time cost=3.225
Saved checkpoint to "/home/iiie/our-mxnet-ssd/model/ssd_300-0113.params"
Epoch[112] Validation-Acc=0.748303
Epoch[112] Validation-ObjectAcc=0.000000
Epoch[112] Validation-SmoothL1=39.361418
Epoch[113] Train-Acc=0.770334
Epoch[113] Train-ObjectAcc=0.106191
Epoch[113] Train-SmoothL1=23.680909
Epoch[113] Time cost=3.307
Saved checkpoint to "/home/iiie/our-mxnet-ssd/model/ssd_300-0114.params"
Epoch[113] Validation-Acc=0.749436
Epoch[113] Validation-ObjectAcc=0.000000
Epoch[113] Validation-SmoothL1=38.125561
Epoch[114] Train-Acc=0.772420
Epoch[114] Train-ObjectAcc=0.121242
Epoch[114] Train-SmoothL1=19.780137
Epoch[114] Time cost=3.277
Saved checkpoint to "/home/iiie/our-mxnet-ssd/model/ssd_300-0115.params"
Epoch[114] Validation-Acc=0.748883
Epoch[114] Validation-ObjectAcc=0.000000
Epoch[114] Validation-SmoothL1=37.872162
Epoch[115] Train-Acc=0.767582
Epoch[115] Train-ObjectAcc=0.115607
Epoch[115] Train-SmoothL1=21.072408
Epoch[115] Time cost=3.237
Saved checkpoint to "/home/iiie/our-mxnet-ssd/model/ssd_300-0116.params"
Epoch[115] Validation-Acc=0.748632
Epoch[115] Validation-ObjectAcc=0.007659
Epoch[115] Validation-SmoothL1=38.343426
Epoch[116] Train-Acc=0.765065
Epoch[116] Train-ObjectAcc=0.080910
Epoch[116] Train-SmoothL1=25.365884
Epoch[116] Time cost=3.198
Saved checkpoint to "/home/iiie/our-mxnet-ssd/model/ssd_300-0117.params"
Epoch[116] Validation-Acc=0.750000
Epoch[116] Validation-ObjectAcc=0.005562
Epoch[116] Validation-SmoothL1=36.714899
Epoch[117] Train-Acc=0.774024
Epoch[117] Train-ObjectAcc=0.124616
Epoch[117] Train-SmoothL1=22.899183
Epoch[117] Time cost=3.331
Saved checkpoint to "/home/iiie/our-mxnet-ssd/model/ssd_300-0118.params"
Epoch[117] Validation-Acc=0.748060
Epoch[117] Validation-ObjectAcc=0.006652
Epoch[117] Validation-SmoothL1=36.183474
Epoch[118] Train-Acc=0.783726
Epoch[118] Train-ObjectAcc=0.180189
Epoch[118] Train-SmoothL1=20.254412
Epoch[118] Time cost=3.303
Saved checkpoint to "/home/iiie/our-mxnet-ssd/model/ssd_300-0119.params"
Epoch[118] Validation-Acc=0.753808
Epoch[118] Validation-ObjectAcc=0.045702
Epoch[118] Validation-SmoothL1=34.406918
Epoch[119] Train-Acc=0.784844
Epoch[119] Train-ObjectAcc=0.207488
Epoch[119] Train-SmoothL1=21.368062
Epoch[119] Time cost=3.211
Saved checkpoint to "/home/iiie/our-mxnet-ssd/model/ssd_300-0120.params"
Epoch[119] Validation-Acc=0.753076
Epoch[119] Validation-ObjectAcc=0.129754
Epoch[119] Validation-SmoothL1=32.574890
Epoch[120] Train-Acc=0.782225
Epoch[120] Train-ObjectAcc=0.207798
Epoch[120] Train-SmoothL1=19.890465
Epoch[120] Time cost=3.277
Saved checkpoint to "/home/iiie/our-mxnet-ssd/model/ssd_300-0121.params"
Epoch[120] Validation-Acc=0.753544
Epoch[120] Validation-ObjectAcc=0.191930
Epoch[120] Validation-SmoothL1=32.254610
Epoch[121] Train-Acc=0.774046
Epoch[121] Train-ObjectAcc=0.218830
Epoch[121] Train-SmoothL1=17.501614
Epoch[121] Time cost=3.290
Saved checkpoint to "/home/iiie/our-mxnet-ssd/model/ssd_300-0122.params"
Epoch[121] Validation-Acc=0.761749
Epoch[121] Validation-ObjectAcc=0.077596
Epoch[121] Validation-SmoothL1=35.056435
Epoch[122] Train-Acc=0.785214
Epoch[122] Train-ObjectAcc=0.198194
Epoch[122] Train-SmoothL1=20.421328
Epoch[122] Time cost=3.247
Saved checkpoint to "/home/iiie/our-mxnet-ssd/model/ssd_300-0123.params"
Epoch[122] Validation-Acc=0.751685
Epoch[122] Validation-ObjectAcc=0.231461
Epoch[122] Validation-SmoothL1=32.689698
Epoch[123] Train-Acc=0.779465
Epoch[123] Train-ObjectAcc=0.256573
Epoch[123] Train-SmoothL1=20.246661
Epoch[123] Time cost=3.319
Saved checkpoint to "/home/iiie/our-mxnet-ssd/model/ssd_300-0124.params"
Epoch[123] Validation-Acc=0.754494
Epoch[123] Validation-ObjectAcc=0.106742
Epoch[123] Validation-SmoothL1=32.440511
Epoch[124] Train-Acc=0.781771
Epoch[124] Train-ObjectAcc=0.202343
Epoch[124] Train-SmoothL1=20.642313
Epoch[124] Time cost=3.283
Saved checkpoint to "/home/iiie/our-mxnet-ssd/model/ssd_300-0125.params"
Epoch[124] Validation-Acc=0.762065
Epoch[124] Validation-ObjectAcc=0.096521
Epoch[124] Validation-SmoothL1=29.462066
Epoch[125] Train-Acc=0.791883
Epoch[125] Train-ObjectAcc=0.269939
Epoch[125] Train-SmoothL1=17.608868
Epoch[125] Time cost=3.263
Saved checkpoint to "/home/iiie/our-mxnet-ssd/model/ssd_300-0126.params"
Epoch[125] Validation-Acc=0.749448
Epoch[125] Validation-ObjectAcc=0.043046
Epoch[125] Validation-SmoothL1=31.281215
Epoch[126] Train-Acc=0.783202
Epoch[126] Train-ObjectAcc=0.245720
Epoch[126] Train-SmoothL1=18.423720
Epoch[126] Time cost=3.292
Saved checkpoint to "/home/iiie/our-mxnet-ssd/model/ssd_300-0127.params"
Epoch[126] Validation-Acc=0.766376
Epoch[126] Validation-ObjectAcc=0.075328
Epoch[126] Validation-SmoothL1=33.678541
Epoch[127] Train-Acc=0.785405
Epoch[127] Train-ObjectAcc=0.223473
Epoch[127] Train-SmoothL1=19.749471
Epoch[127] Time cost=3.257
Saved checkpoint to "/home/iiie/our-mxnet-ssd/model/ssd_300-0128.params"
Epoch[127] Validation-Acc=0.759912
Epoch[127] Validation-ObjectAcc=0.155286
Epoch[127] Validation-SmoothL1=31.431824
Epoch[128] Train-Acc=0.789437
Epoch[128] Train-ObjectAcc=0.262454
Epoch[128] Train-SmoothL1=18.398350
Epoch[128] Time cost=3.292
Saved checkpoint to "/home/iiie/our-mxnet-ssd/model/ssd_300-0129.params"
Epoch[128] Validation-Acc=0.759007
Epoch[128] Validation-ObjectAcc=0.051310
Epoch[128] Validation-SmoothL1=31.583733
Epoch[129] Train-Acc=0.786229
Epoch[129] Train-ObjectAcc=0.240943
Epoch[129] Train-SmoothL1=19.751619
Epoch[129] Time cost=3.231
Saved checkpoint to "/home/iiie/our-mxnet-ssd/model/ssd_300-0130.params"
Epoch[129] Validation-Acc=0.757941
Epoch[129] Validation-ObjectAcc=0.112815
Epoch[129] Validation-SmoothL1=31.963392
Update[913]: Change learning rate to 7.29000e-04
Epoch[130] Train-Acc=0.805160
Epoch[130] Train-ObjectAcc=0.317743
Epoch[130] Train-SmoothL1=14.757004
Epoch[130] Time cost=3.318
Saved checkpoint to "/home/iiie/our-mxnet-ssd/model/ssd_300-0131.params"
Epoch[130] Validation-Acc=0.763811
Epoch[130] Validation-ObjectAcc=0.083427
Epoch[130] Validation-SmoothL1=31.461239
Epoch[131] Train-Acc=0.785794
Epoch[131] Train-ObjectAcc=0.239662
Epoch[131] Train-SmoothL1=19.104470
Epoch[131] Time cost=3.287
Saved checkpoint to "/home/iiie/our-mxnet-ssd/model/ssd_300-0132.params"
Epoch[131] Validation-Acc=0.755801
Epoch[131] Validation-ObjectAcc=0.033149
Epoch[131] Validation-SmoothL1=41.720934
Epoch[132] Train-Acc=0.793632
Epoch[132] Train-ObjectAcc=0.249008
Epoch[132] Train-SmoothL1=18.389152
Epoch[132] Time cost=3.336
Saved checkpoint to "/home/iiie/our-mxnet-ssd/model/ssd_300-0133.params"
Epoch[132] Validation-Acc=0.755470
Epoch[132] Validation-ObjectAcc=0.061269
Epoch[132] Validation-SmoothL1=35.060692
Epoch[133] Train-Acc=0.795434
Epoch[133] Train-ObjectAcc=0.270401
Epoch[133] Train-SmoothL1=18.660165
Epoch[133] Time cost=3.206
Saved checkpoint to "/home/iiie/our-mxnet-ssd/model/ssd_300-0134.params"
Epoch[133] Validation-Acc=0.758342
Epoch[133] Validation-ObjectAcc=0.049516
Epoch[133] Validation-SmoothL1=38.482159
Epoch[134] Train-Acc=0.794725
Epoch[134] Train-ObjectAcc=0.250989
Epoch[134] Train-SmoothL1=19.393230
Epoch[134] Time cost=3.327
Saved checkpoint to "/home/iiie/our-mxnet-ssd/model/ssd_300-0135.params"
Epoch[134] Validation-Acc=0.771341
Epoch[134] Validation-ObjectAcc=0.114191
Epoch[134] Validation-SmoothL1=31.161711
Epoch[135] Train-Acc=0.800323
Epoch[135] Train-ObjectAcc=0.273276
Epoch[135] Train-SmoothL1=18.145182
Epoch[135] Time cost=3.256
Saved checkpoint to "/home/iiie/our-mxnet-ssd/model/ssd_300-0136.params"
Epoch[135] Validation-Acc=0.747014
Epoch[135] Validation-ObjectAcc=0.150923
Epoch[135] Validation-SmoothL1=33.792738
Epoch[136] Train-Acc=0.797798
Epoch[136] Train-ObjectAcc=0.293346
Epoch[136] Train-SmoothL1=16.213157
Epoch[136] Time cost=3.124
Saved checkpoint to "/home/iiie/our-mxnet-ssd/model/ssd_300-0137.params"
Epoch[136] Validation-Acc=0.758269
Epoch[136] Validation-ObjectAcc=0.081588
Epoch[136] Validation-SmoothL1=29.653298
Epoch[137] Train-Acc=0.795694
Epoch[137] Train-ObjectAcc=0.294258
Epoch[137] Train-SmoothL1=15.764473
Epoch[137] Time cost=3.276
Saved checkpoint to "/home/iiie/our-mxnet-ssd/model/ssd_300-0138.params"
Epoch[137] Validation-Acc=0.764167
Epoch[137] Validation-ObjectAcc=0.088889
Epoch[137] Validation-SmoothL1=35.250607
Epoch[138] Train-Acc=0.794650
Epoch[138] Train-ObjectAcc=0.255144
Epoch[138] Train-SmoothL1=19.663741
Epoch[138] Time cost=3.259
Saved checkpoint to "/home/iiie/our-mxnet-ssd/model/ssd_300-0139.params"
Epoch[138] Validation-Acc=0.763408
Epoch[138] Validation-ObjectAcc=0.163128
Epoch[138] Validation-SmoothL1=27.755302
Epoch[139] Train-Acc=0.807548
Epoch[139] Train-ObjectAcc=0.344032
Epoch[139] Train-SmoothL1=13.565154
Epoch[139] Time cost=3.504
Saved checkpoint to "/home/iiie/our-mxnet-ssd/model/ssd_300-0140.params"
Epoch[139] Validation-Acc=0.763158
Epoch[139] Validation-ObjectAcc=0.235231
Epoch[139] Validation-SmoothL1=32.888335
Epoch[140] Train-Acc=0.803182
Epoch[140] Train-ObjectAcc=0.316364
Epoch[140] Train-SmoothL1=15.482174
Epoch[140] Time cost=3.257
Saved checkpoint to "/home/iiie/our-mxnet-ssd/model/ssd_300-0141.params"
Epoch[140] Validation-Acc=0.757174
Epoch[140] Validation-ObjectAcc=0.100442
Epoch[140] Validation-SmoothL1=27.940090
Epoch[141] Train-Acc=0.801684
Epoch[141] Train-ObjectAcc=0.300938
Epoch[141] Train-SmoothL1=17.963547
Epoch[141] Time cost=3.198
Saved checkpoint to "/home/iiie/our-mxnet-ssd/model/ssd_300-0142.params"
Epoch[141] Validation-Acc=0.765766
Epoch[141] Validation-ObjectAcc=0.152027
Epoch[141] Validation-SmoothL1=29.496763
Epoch[142] Train-Acc=0.806755
Epoch[142] Train-ObjectAcc=0.301411
Epoch[142] Train-SmoothL1=17.658873
Epoch[142] Time cost=3.292
Saved checkpoint to "/home/iiie/our-mxnet-ssd/model/ssd_300-0143.params"
Epoch[142] Validation-Acc=0.769126
Epoch[142] Validation-ObjectAcc=0.119126
Epoch[142] Validation-SmoothL1=28.989142
Epoch[143] Train-Acc=0.811160
Epoch[143] Train-ObjectAcc=0.349487
Epoch[143] Train-SmoothL1=14.920370
Epoch[143] Time cost=3.385
Saved checkpoint to "/home/iiie/our-mxnet-ssd/model/ssd_300-0144.params"
Epoch[143] Validation-Acc=0.762147
Epoch[143] Validation-ObjectAcc=0.103955
Epoch[143] Validation-SmoothL1=34.333261
Epoch[144] Train-Acc=0.813060
Epoch[144] Train-ObjectAcc=0.355287
Epoch[144] Train-SmoothL1=15.829841
Epoch[144] Time cost=3.358
Saved checkpoint to "/home/iiie/our-mxnet-ssd/model/ssd_300-0145.params"
Epoch[144] Validation-Acc=0.757508
Epoch[144] Validation-ObjectAcc=0.094549
Epoch[144] Validation-SmoothL1=37.350109
Epoch[145] Train-Acc=0.811382
Epoch[145] Train-ObjectAcc=0.341910
Epoch[145] Train-SmoothL1=16.584634
Epoch[145] Time cost=3.320
Saved checkpoint to "/home/iiie/our-mxnet-ssd/model/ssd_300-0146.params"
Epoch[145] Validation-Acc=0.760053
Epoch[145] Validation-ObjectAcc=0.110053
Epoch[145] Validation-SmoothL1=32.551191
Epoch[146] Train-Acc=0.817162
Epoch[146] Train-ObjectAcc=0.372540
Epoch[146] Train-SmoothL1=14.837320
Epoch[146] Time cost=3.212
Saved checkpoint to "/home/iiie/our-mxnet-ssd/model/ssd_300-0147.params"
Epoch[146] Validation-Acc=0.763621
Epoch[146] Validation-ObjectAcc=0.122588
Epoch[146] Validation-SmoothL1=30.949903
Epoch[147] Train-Acc=0.826147
Epoch[147] Train-ObjectAcc=0.404265
Epoch[147] Train-SmoothL1=13.949406
Epoch[147] Time cost=3.257
Saved checkpoint to "/home/iiie/our-mxnet-ssd/model/ssd_300-0148.params"
Epoch[147] Validation-Acc=0.760120
Epoch[147] Validation-ObjectAcc=0.196937
Epoch[147] Validation-SmoothL1=29.183629
Epoch[148] Train-Acc=0.820600
Epoch[148] Train-ObjectAcc=0.403678
Epoch[148] Train-SmoothL1=15.513846
Epoch[148] Time cost=3.248
Saved checkpoint to "/home/iiie/our-mxnet-ssd/model/ssd_300-0149.params"
Epoch[148] Validation-Acc=0.767467
Epoch[148] Validation-ObjectAcc=0.219432
Epoch[148] Validation-SmoothL1=30.780149
Epoch[149] Train-Acc=0.825553
Epoch[149] Train-ObjectAcc=0.426536
Epoch[149] Train-SmoothL1=12.209445
Epoch[149] Time cost=3.213
Saved checkpoint to "/home/iiie/our-mxnet-ssd/model/ssd_300-0150.params"
Epoch[149] Validation-Acc=0.769592
Epoch[149] Validation-ObjectAcc=0.145695
Epoch[149] Validation-SmoothL1=30.561094
Epoch[150] Train-Acc=0.826821
Epoch[150] Train-ObjectAcc=0.457837
Epoch[150] Train-SmoothL1=14.271710
Epoch[150] Time cost=3.221
Saved checkpoint to "/home/iiie/our-mxnet-ssd/model/ssd_300-0151.params"
Epoch[150] Validation-Acc=0.760698
Epoch[150] Validation-ObjectAcc=0.063063
Epoch[150] Validation-SmoothL1=29.926723
Epoch[151] Train-Acc=0.819835
Epoch[151] Train-ObjectAcc=0.415764
Epoch[151] Train-SmoothL1=14.640907
Epoch[151] Time cost=3.266
Saved checkpoint to "/home/iiie/our-mxnet-ssd/model/ssd_300-0152.params"
Epoch[151] Validation-Acc=0.758801
Epoch[151] Validation-ObjectAcc=0.195820
Epoch[151] Validation-SmoothL1=29.693615
Epoch[152] Train-Acc=0.819252
Epoch[152] Train-ObjectAcc=0.397580
Epoch[152] Train-SmoothL1=14.875845
Epoch[152] Time cost=3.226
Saved checkpoint to "/home/iiie/our-mxnet-ssd/model/ssd_300-0153.params"
Epoch[152] Validation-Acc=0.770011
Epoch[152] Validation-ObjectAcc=0.153509
Epoch[152] Validation-SmoothL1=28.389134
Epoch[153] Train-Acc=0.831890
Epoch[153] Train-ObjectAcc=0.445324
Epoch[153] Train-SmoothL1=11.753302
Epoch[153] Time cost=3.310
Saved checkpoint to "/home/iiie/our-mxnet-ssd/model/ssd_300-0154.params"
Epoch[153] Validation-Acc=0.766816
Epoch[153] Validation-ObjectAcc=0.147982
Epoch[153] Validation-SmoothL1=32.092483
Epoch[154] Train-Acc=0.838998
Epoch[154] Train-ObjectAcc=0.483005
Epoch[154] Train-SmoothL1=13.022539
Epoch[154] Time cost=3.237
Saved checkpoint to "/home/iiie/our-mxnet-ssd/model/ssd_300-0155.params"
Epoch[154] Validation-Acc=0.770153
Epoch[154] Validation-ObjectAcc=0.167756
Epoch[154] Validation-SmoothL1=32.462285
Epoch[155] Train-Acc=0.843317
Epoch[155] Train-ObjectAcc=0.484131
Epoch[155] Train-SmoothL1=13.063112
Epoch[155] Time cost=3.369
Saved checkpoint to "/home/iiie/our-mxnet-ssd/model/ssd_300-0156.params"
Epoch[155] Validation-Acc=0.758929
Epoch[155] Validation-ObjectAcc=0.253348
Epoch[155] Validation-SmoothL1=29.452003
Epoch[156] Train-Acc=0.810533
Epoch[156] Train-ObjectAcc=0.399919
Epoch[156] Train-SmoothL1=16.847053
Epoch[156] Time cost=3.260
Saved checkpoint to "/home/iiie/our-mxnet-ssd/model/ssd_300-0157.params"
Epoch[156] Validation-Acc=0.764501
Epoch[156] Validation-ObjectAcc=0.105263
Epoch[156] Validation-SmoothL1=28.982989
Epoch[157] Train-Acc=0.836259
Epoch[157] Train-ObjectAcc=0.437266
Epoch[157] Train-SmoothL1=12.037741
Epoch[157] Time cost=3.231
Saved checkpoint to "/home/iiie/our-mxnet-ssd/model/ssd_300-0158.params"
Epoch[157] Validation-Acc=0.759542
Epoch[157] Validation-ObjectAcc=0.127590
Epoch[157] Validation-SmoothL1=36.537880
Epoch[158] Train-Acc=0.827105
Epoch[158] Train-ObjectAcc=0.435667
Epoch[158] Train-SmoothL1=12.960921
Epoch[158] Time cost=3.229
Saved checkpoint to "/home/iiie/our-mxnet-ssd/model/ssd_300-0159.params"
Epoch[158] Validation-Acc=0.769744
Epoch[158] Validation-ObjectAcc=0.139808
Epoch[158] Validation-SmoothL1=26.394439
Epoch[159] Train-Acc=0.833261
Epoch[159] Train-ObjectAcc=0.442751
Epoch[159] Train-SmoothL1=14.550379
Epoch[159] Time cost=3.268
Saved checkpoint to "/home/iiie/our-mxnet-ssd/model/ssd_300-0160.params"
Epoch[159] Validation-Acc=0.756004
Epoch[159] Validation-ObjectAcc=0.256550
Epoch[159] Validation-SmoothL1=30.388515
Epoch[160] Train-Acc=0.827605
Epoch[160] Train-ObjectAcc=0.440455
Epoch[160] Train-SmoothL1=13.619798
Epoch[160] Time cost=3.216
Saved checkpoint to "/home/iiie/our-mxnet-ssd/model/ssd_300-0161.params"
Epoch[160] Validation-Acc=0.773555
Epoch[160] Validation-ObjectAcc=0.178801
Epoch[160] Validation-SmoothL1=24.850030
Epoch[161] Train-Acc=0.815052
Epoch[161] Train-ObjectAcc=0.418969
Epoch[161] Train-SmoothL1=15.498893
Epoch[161] Time cost=3.198
Saved checkpoint to "/home/iiie/our-mxnet-ssd/model/ssd_300-0162.params"
Epoch[161] Validation-Acc=0.773333
Epoch[161] Validation-ObjectAcc=0.191111
Epoch[161] Validation-SmoothL1=27.494222
Epoch[162] Train-Acc=0.836962
Epoch[162] Train-ObjectAcc=0.472973
Epoch[162] Train-SmoothL1=11.245373
Epoch[162] Time cost=3.232
Saved checkpoint to "/home/iiie/our-mxnet-ssd/model/ssd_300-0163.params"
Epoch[162] Validation-Acc=0.756452
Epoch[162] Validation-ObjectAcc=0.118280
Epoch[162] Validation-SmoothL1=30.747000
Epoch[163] Train-Acc=0.834047
Epoch[163] Train-ObjectAcc=0.454390
Epoch[163] Train-SmoothL1=14.517582
Epoch[163] Time cost=3.222
Saved checkpoint to "/home/iiie/our-mxnet-ssd/model/ssd_300-0164.params"
Epoch[163] Validation-Acc=0.765372
Epoch[163] Validation-ObjectAcc=0.196332
Epoch[163] Validation-SmoothL1=27.343140
Epoch[164] Train-Acc=0.838600
Epoch[164] Train-ObjectAcc=0.489842
Epoch[164] Train-SmoothL1=12.306725
Epoch[164] Time cost=3.365
Saved checkpoint to "/home/iiie/our-mxnet-ssd/model/ssd_300-0165.params"
Epoch[164] Validation-Acc=0.763844
Epoch[164] Validation-ObjectAcc=0.097720
Epoch[164] Validation-SmoothL1=32.774807
Epoch[165] Train-Acc=0.848433
Epoch[165] Train-ObjectAcc=0.565849
Epoch[165] Train-SmoothL1=10.691565
Epoch[165] Time cost=3.277
Saved checkpoint to "/home/iiie/our-mxnet-ssd/model/ssd_300-0166.params"
Epoch[165] Validation-Acc=0.757487
Epoch[165] Validation-ObjectAcc=0.126203
Epoch[165] Validation-SmoothL1=30.304943
Epoch[166] Train-Acc=0.820285
Epoch[166] Train-ObjectAcc=0.419983
Epoch[166] Train-SmoothL1=14.734739
Epoch[166] Time cost=3.244
Saved checkpoint to "/home/iiie/our-mxnet-ssd/model/ssd_300-0167.params"
Epoch[166] Validation-Acc=0.759615
Epoch[166] Validation-ObjectAcc=0.135165
Epoch[166] Validation-SmoothL1=27.221179
Epoch[167] Train-Acc=0.844152
Epoch[167] Train-ObjectAcc=0.500665
Epoch[167] Train-SmoothL1=12.044468
Epoch[167] Time cost=3.243
Saved checkpoint to "/home/iiie/our-mxnet-ssd/model/ssd_300-0168.params"
Epoch[167] Validation-Acc=0.766648
Epoch[167] Validation-ObjectAcc=0.164847
Epoch[167] Validation-SmoothL1=29.775344
Epoch[168] Train-Acc=0.843691
Epoch[168] Train-ObjectAcc=0.537665
Epoch[168] Train-SmoothL1=10.297699
Epoch[168] Time cost=3.268
Saved checkpoint to "/home/iiie/our-mxnet-ssd/model/ssd_300-0169.params"
Epoch[168] Validation-Acc=0.766429
Epoch[168] Validation-ObjectAcc=0.122673
Epoch[168] Validation-SmoothL1=29.256567
Epoch[169] Train-Acc=0.844648
Epoch[169] Train-ObjectAcc=0.488130
Epoch[169] Train-SmoothL1=13.199994
Epoch[169] Time cost=3.221
Saved checkpoint to "/home/iiie/our-mxnet-ssd/model/ssd_300-0170.params"
Epoch[169] Validation-Acc=0.769570
Epoch[169] Validation-ObjectAcc=0.205072
Epoch[169] Validation-SmoothL1=30.919166
Epoch[170] Train-Acc=0.855471
Epoch[170] Train-ObjectAcc=0.570914
Epoch[170] Train-SmoothL1=11.503531
Epoch[170] Time cost=3.241
Saved checkpoint to "/home/iiie/our-mxnet-ssd/model/ssd_300-0171.params"
Epoch[170] Validation-Acc=0.758630
Epoch[170] Validation-ObjectAcc=0.142395
Epoch[170] Validation-SmoothL1=29.302290
Epoch[171] Train-Acc=0.848927
Epoch[171] Train-ObjectAcc=0.529165
Epoch[171] Train-SmoothL1=11.895873
Epoch[171] Time cost=3.213
Saved checkpoint to "/home/iiie/our-mxnet-ssd/model/ssd_300-0172.params"
Epoch[171] Validation-Acc=0.770718
Epoch[171] Validation-ObjectAcc=0.146961
Epoch[171] Validation-SmoothL1=25.685562
Epoch[172] Train-Acc=0.848352
Epoch[172] Train-ObjectAcc=0.548132
Epoch[172] Train-SmoothL1=11.477444
Epoch[172] Time cost=3.269
Saved checkpoint to "/home/iiie/our-mxnet-ssd/model/ssd_300-0173.params"
Epoch[172] Validation-Acc=0.768386
Epoch[172] Validation-ObjectAcc=0.115258
Epoch[172] Validation-SmoothL1=27.727776
Update[1217]: Change learning rate to 6.56100e-04
Epoch[173] Train-Acc=0.841198
Epoch[173] Train-ObjectAcc=0.491659
Epoch[173] Train-SmoothL1=12.960630
Epoch[173] Time cost=3.213
Saved checkpoint to "/home/iiie/our-mxnet-ssd/model/ssd_300-0174.params"
Epoch[173] Validation-Acc=0.762431
Epoch[173] Validation-ObjectAcc=0.200000
Epoch[173] Validation-SmoothL1=29.464854
Epoch[174] Train-Acc=0.860013
Epoch[174] Train-ObjectAcc=0.560391
Epoch[174] Train-SmoothL1=11.542999
Epoch[174] Time cost=3.324
Saved checkpoint to "/home/iiie/our-mxnet-ssd/model/ssd_300-0175.params"
Epoch[174] Validation-Acc=0.759783
Epoch[174] Validation-ObjectAcc=0.134783
Epoch[174] Validation-SmoothL1=28.680944
Epoch[175] Train-Acc=0.847316
Epoch[175] Train-ObjectAcc=0.573297
Epoch[175] Train-SmoothL1=11.038568
Epoch[175] Time cost=3.255
Saved checkpoint to "/home/iiie/our-mxnet-ssd/model/ssd_300-0176.params"
Epoch[175] Validation-Acc=0.766610
Epoch[175] Validation-ObjectAcc=0.101351
Epoch[175] Validation-SmoothL1=33.670675
Epoch[176] Train-Acc=0.853096
Epoch[176] Train-ObjectAcc=0.549083
Epoch[176] Train-SmoothL1=10.749043
Epoch[176] Time cost=3.258
Saved checkpoint to "/home/iiie/our-mxnet-ssd/model/ssd_300-0177.params"
Epoch[176] Validation-Acc=0.775853
Epoch[176] Validation-ObjectAcc=0.201320
Epoch[176] Validation-SmoothL1=26.759723
Epoch[177] Train-Acc=0.845885
Epoch[177] Train-ObjectAcc=0.521850
Epoch[177] Train-SmoothL1=12.337404
Epoch[177] Time cost=3.227
Saved checkpoint to "/home/iiie/our-mxnet-ssd/model/ssd_300-0178.params"
Epoch[177] Validation-Acc=0.770148
Epoch[177] Validation-ObjectAcc=0.188759
Epoch[177] Validation-SmoothL1=28.168260
Epoch[178] Train-Acc=0.855850
Epoch[178] Train-ObjectAcc=0.540397
Epoch[178] Train-SmoothL1=11.684343
Epoch[178] Time cost=3.300
Saved checkpoint to "/home/iiie/our-mxnet-ssd/model/ssd_300-0179.params"
Epoch[178] Validation-Acc=0.769807
Epoch[178] Validation-ObjectAcc=0.239829
Epoch[178] Validation-SmoothL1=29.169699
Epoch[179] Train-Acc=0.845721
Epoch[179] Train-ObjectAcc=0.562417
Epoch[179] Train-SmoothL1=11.366602
Epoch[179] Time cost=3.281
Saved checkpoint to "/home/iiie/our-mxnet-ssd/model/ssd_300-0180.params"
Epoch[179] Validation-Acc=0.762786
Epoch[179] Validation-ObjectAcc=0.113166
Epoch[179] Validation-SmoothL1=26.560875
Epoch[180] Train-Acc=0.852450
Epoch[180] Train-ObjectAcc=0.555403
Epoch[180] Train-SmoothL1=10.163374
Epoch[180] Time cost=3.225
Saved checkpoint to "/home/iiie/our-mxnet-ssd/model/ssd_300-0181.params"
Epoch[180] Validation-Acc=0.763403
Epoch[180] Validation-ObjectAcc=0.123632
Epoch[180] Validation-SmoothL1=29.503864
Epoch[181] Train-Acc=0.854176
Epoch[181] Train-ObjectAcc=0.572009
Epoch[181] Train-SmoothL1=10.509464
Epoch[181] Time cost=3.269
Saved checkpoint to "/home/iiie/our-mxnet-ssd/model/ssd_300-0182.params"
Epoch[181] Validation-Acc=0.780868
Epoch[181] Validation-ObjectAcc=0.236930
Epoch[181] Validation-SmoothL1=24.268927
Epoch[182] Train-Acc=0.849586
Epoch[182] Train-ObjectAcc=0.530819
Epoch[182] Train-SmoothL1=11.584920
Epoch[182] Time cost=3.243
Saved checkpoint to "/home/iiie/our-mxnet-ssd/model/ssd_300-0183.params"
Epoch[182] Validation-Acc=0.772628
Epoch[182] Validation-ObjectAcc=0.178844
Epoch[182] Validation-SmoothL1=28.171536
Epoch[183] Train-Acc=0.860961
Epoch[183] Train-ObjectAcc=0.573675
Epoch[183] Train-SmoothL1=11.117465
Epoch[183] Time cost=3.258
Saved checkpoint to "/home/iiie/our-mxnet-ssd/model/ssd_300-0184.params"
Epoch[183] Validation-Acc=0.766209
Epoch[183] Validation-ObjectAcc=0.148352
Epoch[183] Validation-SmoothL1=29.157517
Epoch[184] Train-Acc=0.861650
Epoch[184] Train-ObjectAcc=0.574665
Epoch[184] Train-SmoothL1=9.751356
Epoch[184] Time cost=3.278
Saved checkpoint to "/home/iiie/our-mxnet-ssd/model/ssd_300-0185.params"
Epoch[184] Validation-Acc=0.764955
Epoch[184] Validation-ObjectAcc=0.188488
Epoch[184] Validation-SmoothL1=28.252203
Epoch[185] Train-Acc=0.849460
Epoch[185] Train-ObjectAcc=0.541854
Epoch[185] Train-SmoothL1=12.146325
Epoch[185] Time cost=3.278
Saved checkpoint to "/home/iiie/our-mxnet-ssd/model/ssd_300-0186.params"
Epoch[185] Validation-Acc=0.767758
Epoch[185] Validation-ObjectAcc=0.135405
Epoch[185] Validation-SmoothL1=31.219489
Epoch[186] Train-Acc=0.855966
Epoch[186] Train-ObjectAcc=0.568566
Epoch[186] Train-SmoothL1=10.774268
Epoch[186] Time cost=3.284
Saved checkpoint to "/home/iiie/our-mxnet-ssd/model/ssd_300-0187.params"
Epoch[186] Validation-Acc=0.775028
Epoch[186] Validation-ObjectAcc=0.194719
Epoch[186] Validation-SmoothL1=27.362126
Epoch[187] Train-Acc=0.859586
Epoch[187] Train-ObjectAcc=0.559406
Epoch[187] Train-SmoothL1=10.803623
Epoch[187] Time cost=3.264
Saved checkpoint to "/home/iiie/our-mxnet-ssd/model/ssd_300-0188.params"
Epoch[187] Validation-Acc=0.780571
Epoch[187] Validation-ObjectAcc=0.258286
Epoch[187] Validation-SmoothL1=23.541759
Epoch[188] Train-Acc=0.848060
Epoch[188] Train-ObjectAcc=0.546935
Epoch[188] Train-SmoothL1=10.518397
Epoch[188] Time cost=3.223
Saved checkpoint to "/home/iiie/our-mxnet-ssd/model/ssd_300-0189.params"
Epoch[188] Validation-Acc=0.776536
Epoch[188] Validation-ObjectAcc=0.224581
Epoch[188] Validation-SmoothL1=23.023737
Epoch[189] Train-Acc=0.868192
Epoch[189] Train-ObjectAcc=0.606972
Epoch[189] Train-SmoothL1=9.950991
Epoch[189] Time cost=3.239
Saved checkpoint to "/home/iiie/our-mxnet-ssd/model/ssd_300-0190.params"
Epoch[189] Validation-Acc=0.774298
Epoch[189] Validation-ObjectAcc=0.160907
Epoch[189] Validation-SmoothL1=27.561550
Epoch[190] Train-Acc=0.854758
Epoch[190] Train-ObjectAcc=0.561770
Epoch[190] Train-SmoothL1=11.289948
Epoch[190] Time cost=3.341
Saved checkpoint to "/home/iiie/our-mxnet-ssd/model/ssd_300-0191.params"
Epoch[190] Validation-Acc=0.763736
Epoch[190] Validation-ObjectAcc=0.157143
Epoch[190] Validation-SmoothL1=27.252319
Epoch[191] Train-Acc=0.863967
Epoch[191] Train-ObjectAcc=0.609885
Epoch[191] Train-SmoothL1=9.740602
Epoch[191] Time cost=3.180
Saved checkpoint to "/home/iiie/our-mxnet-ssd/model/ssd_300-0192.params"
Epoch[191] Validation-Acc=0.773860
Epoch[191] Validation-ObjectAcc=0.189820
Epoch[191] Validation-SmoothL1=28.114899
Epoch[192] Train-Acc=0.857058
Epoch[192] Train-ObjectAcc=0.575557
Epoch[192] Train-SmoothL1=9.044839
Epoch[192] Time cost=3.250
Saved checkpoint to "/home/iiie/our-mxnet-ssd/model/ssd_300-0193.params"
Epoch[192] Validation-Acc=0.765873
Epoch[192] Validation-ObjectAcc=0.242630
Epoch[192] Validation-SmoothL1=25.076486
Epoch[193] Train-Acc=0.870495
Epoch[193] Train-ObjectAcc=0.627477
Epoch[193] Train-SmoothL1=8.860720
Epoch[193] Time cost=3.260
Saved checkpoint to "/home/iiie/our-mxnet-ssd/model/ssd_300-0194.params"
Epoch[193] Validation-Acc=0.776890
Epoch[193] Validation-ObjectAcc=0.171459
Epoch[193] Validation-SmoothL1=31.125116
Epoch[194] Train-Acc=0.871040
Epoch[194] Train-ObjectAcc=0.608038
Epoch[194] Train-SmoothL1=9.134270
Epoch[194] Time cost=3.242
Saved checkpoint to "/home/iiie/our-mxnet-ssd/model/ssd_300-0195.params"
Epoch[194] Validation-Acc=0.767974
Epoch[194] Validation-ObjectAcc=0.186275
Epoch[194] Validation-SmoothL1=27.309595
Epoch[195] Train-Acc=0.862233
Epoch[195] Train-ObjectAcc=0.605226
Epoch[195] Train-SmoothL1=9.226251
Epoch[195] Time cost=3.234
Saved checkpoint to "/home/iiie/our-mxnet-ssd/model/ssd_300-0196.params"
Epoch[195] Validation-Acc=0.764871
Epoch[195] Validation-ObjectAcc=0.148148
Epoch[195] Validation-SmoothL1=26.892191
Epoch[196] Train-Acc=0.861134
Epoch[196] Train-ObjectAcc=0.592851
Epoch[196] Train-SmoothL1=11.119443
Epoch[196] Time cost=3.260
Saved checkpoint to "/home/iiie/our-mxnet-ssd/model/ssd_300-0197.params"
Epoch[196] Validation-Acc=0.769099
Epoch[196] Validation-ObjectAcc=0.177879
Epoch[196] Validation-SmoothL1=24.174444
Epoch[197] Train-Acc=0.875000
Epoch[197] Train-ObjectAcc=0.613095
Epoch[197] Train-SmoothL1=8.660843
Epoch[197] Time cost=3.282
Saved checkpoint to "/home/iiie/our-mxnet-ssd/model/ssd_300-0198.params"
Epoch[197] Validation-Acc=0.777268
Epoch[197] Validation-ObjectAcc=0.213823
Epoch[197] Validation-SmoothL1=26.087385
Epoch[198] Train-Acc=0.863329
Epoch[198] Train-ObjectAcc=0.619756
Epoch[198] Train-SmoothL1=8.680499
Epoch[198] Time cost=3.334
Saved checkpoint to "/home/iiie/our-mxnet-ssd/model/ssd_300-0199.params"
Epoch[198] Validation-Acc=0.761828
Epoch[198] Validation-ObjectAcc=0.122581
Epoch[198] Validation-SmoothL1=29.098526
Epoch[199] Train-Acc=0.864051
Epoch[199] Train-ObjectAcc=0.592609
Epoch[199] Train-SmoothL1=9.274974
Epoch[199] Time cost=3.219
Saved checkpoint to "/home/iiie/our-mxnet-ssd/model/ssd_300-0200.params"
Epoch[199] Validation-Acc=0.771305
Epoch[199] Validation-ObjectAcc=0.154261
Epoch[199] Validation-SmoothL1=29.728690
Epoch[200] Train-Acc=0.865935
Epoch[200] Train-ObjectAcc=0.592501
Epoch[200] Train-SmoothL1=8.126700
Epoch[200] Time cost=3.216
Saved checkpoint to "/home/iiie/our-mxnet-ssd/model/ssd_300-0201.params"
Epoch[200] Validation-Acc=0.774044
Epoch[200] Validation-ObjectAcc=0.156284
Epoch[200] Validation-SmoothL1=25.786081
Epoch[201] Train-Acc=0.869283
Epoch[201] Train-ObjectAcc=0.637643
Epoch[201] Train-SmoothL1=8.752781
Epoch[201] Time cost=3.242
Saved checkpoint to "/home/iiie/our-mxnet-ssd/model/ssd_300-0202.params"
Epoch[201] Validation-Acc=0.767598
Epoch[201] Validation-ObjectAcc=0.137430
Epoch[201] Validation-SmoothL1=24.889302
Epoch[202] Train-Acc=0.868725
Epoch[202] Train-ObjectAcc=0.611488
Epoch[202] Train-SmoothL1=8.877549
Epoch[202] Time cost=3.304
Saved checkpoint to "/home/iiie/our-mxnet-ssd/model/ssd_300-0203.params"
Epoch[202] Validation-Acc=0.782058
Epoch[202] Validation-ObjectAcc=0.228346
Epoch[202] Validation-SmoothL1=25.450450
Epoch[203] Train-Acc=0.864530
Epoch[203] Train-ObjectAcc=0.594017
Epoch[203] Train-SmoothL1=10.410767
Epoch[203] Time cost=3.211
Saved checkpoint to "/home/iiie/our-mxnet-ssd/model/ssd_300-0204.params"
Epoch[203] Validation-Acc=0.762987
Epoch[203] Validation-ObjectAcc=0.145022
Epoch[203] Validation-SmoothL1=30.759336
Epoch[204] Train-Acc=0.862129
Epoch[204] Train-ObjectAcc=0.579843
Epoch[204] Train-SmoothL1=10.416853
Epoch[204] Time cost=3.416
Saved checkpoint to "/home/iiie/our-mxnet-ssd/model/ssd_300-0205.params"
Epoch[204] Validation-Acc=0.772804
Epoch[204] Validation-ObjectAcc=0.186937
Epoch[204] Validation-SmoothL1=24.678977
Epoch[205] Train-Acc=0.872331
Epoch[205] Train-ObjectAcc=0.630338
Epoch[205] Train-SmoothL1=9.605972
Epoch[205] Time cost=3.249
Saved checkpoint to "/home/iiie/our-mxnet-ssd/model/ssd_300-0206.params"
Epoch[205] Validation-Acc=0.777964
Epoch[205] Validation-ObjectAcc=0.158837
Epoch[205] Validation-SmoothL1=26.983760
Epoch[206] Train-Acc=0.878109
Epoch[206] Train-ObjectAcc=0.643148
Epoch[206] Train-SmoothL1=8.773484
Epoch[206] Time cost=3.174
Saved checkpoint to "/home/iiie/our-mxnet-ssd/model/ssd_300-0207.params"
Epoch[206] Validation-Acc=0.768152
Epoch[206] Validation-ObjectAcc=0.204620
Epoch[206] Validation-SmoothL1=28.151310
Epoch[207] Train-Acc=0.867438
Epoch[207] Train-ObjectAcc=0.609991
Epoch[207] Train-SmoothL1=9.104407
Epoch[207] Time cost=3.320
Saved checkpoint to "/home/iiie/our-mxnet-ssd/model/ssd_300-0208.params"
Epoch[207] Validation-Acc=0.776053
Epoch[207] Validation-ObjectAcc=0.200665
Epoch[207] Validation-SmoothL1=25.932547
Epoch[208] Train-Acc=0.876425
Epoch[208] Train-ObjectAcc=0.626781
Epoch[208] Train-SmoothL1=8.372991
Epoch[208] Time cost=3.321
Saved checkpoint to "/home/iiie/our-mxnet-ssd/model/ssd_300-0209.params"
Epoch[208] Validation-Acc=0.776707
Epoch[208] Validation-ObjectAcc=0.201542
Epoch[208] Validation-SmoothL1=25.685843
Epoch[209] Train-Acc=0.868904
Epoch[209] Train-ObjectAcc=0.630425
Epoch[209] Train-SmoothL1=8.839871
Epoch[209] Time cost=3.248
Saved checkpoint to "/home/iiie/our-mxnet-ssd/model/ssd_300-0210.params"
Epoch[209] Validation-Acc=0.774719
Epoch[209] Validation-ObjectAcc=0.186517
Epoch[209] Validation-SmoothL1=25.211401
Epoch[210] Train-Acc=0.861015
Epoch[210] Train-ObjectAcc=0.580582
Epoch[210] Train-SmoothL1=8.251616
Epoch[210] Time cost=3.282
Saved checkpoint to "/home/iiie/our-mxnet-ssd/model/ssd_300-0211.params"
Epoch[210] Validation-Acc=0.773939
Epoch[210] Validation-ObjectAcc=0.186072
Epoch[210] Validation-SmoothL1=26.076003
Epoch[211] Train-Acc=0.873677
Epoch[211] Train-ObjectAcc=0.664462
Epoch[211] Train-SmoothL1=8.900136
Epoch[211] Time cost=3.257
Saved checkpoint to "/home/iiie/our-mxnet-ssd/model/ssd_300-0212.params"
Epoch[211] Validation-Acc=0.771978
Epoch[211] Validation-ObjectAcc=0.169231
Epoch[211] Validation-SmoothL1=27.733396
Epoch[212] Train-Acc=0.868923
Epoch[212] Train-ObjectAcc=0.641527
Epoch[212] Train-SmoothL1=9.055557
Epoch[212] Time cost=3.292
Saved checkpoint to "/home/iiie/our-mxnet-ssd/model/ssd_300-0213.params"
Epoch[212] Validation-Acc=0.775168
Epoch[212] Validation-ObjectAcc=0.223714
Epoch[212] Validation-SmoothL1=26.173262
Epoch[213] Train-Acc=0.868142
Epoch[213] Train-ObjectAcc=0.580913
Epoch[213] Train-SmoothL1=8.921470
Epoch[213] Time cost=3.356
Saved checkpoint to "/home/iiie/our-mxnet-ssd/model/ssd_300-0214.params"
Epoch[213] Validation-Acc=0.758869
Epoch[213] Validation-ObjectAcc=0.174058
Epoch[213] Validation-SmoothL1=25.411154
Epoch[214] Train-Acc=0.863167
Epoch[214] Train-ObjectAcc=0.644882
Epoch[214] Train-SmoothL1=8.308546
Epoch[214] Time cost=3.358
Saved checkpoint to "/home/iiie/our-mxnet-ssd/model/ssd_300-0215.params"
Epoch[214] Validation-Acc=0.776590
Epoch[214] Validation-ObjectAcc=0.198465
Epoch[214] Validation-SmoothL1=26.724518
Epoch[215] Train-Acc=0.882672
Epoch[215] Train-ObjectAcc=0.638810
Epoch[215] Train-SmoothL1=7.354134
Epoch[215] Time cost=3.263
Saved checkpoint to "/home/iiie/our-mxnet-ssd/model/ssd_300-0216.params"
Epoch[215] Validation-Acc=0.766930
Epoch[215] Validation-ObjectAcc=0.148984
Epoch[215] Validation-SmoothL1=26.406031
Epoch[216] Train-Acc=0.870081
Epoch[216] Train-ObjectAcc=0.651741
Epoch[216] Train-SmoothL1=8.948739
Epoch[216] Time cost=3.271
Saved checkpoint to "/home/iiie/our-mxnet-ssd/model/ssd_300-0217.params"
Epoch[216] Validation-Acc=0.773996
Epoch[216] Validation-ObjectAcc=0.202009
Epoch[216] Validation-SmoothL1=27.068534
Update[1521]: Change learning rate to 5.90490e-04
Epoch[217] Train-Acc=0.873273
Epoch[217] Train-ObjectAcc=0.623630
Epoch[217] Train-SmoothL1=7.265329
Epoch[217] Time cost=3.365
Saved checkpoint to "/home/iiie/our-mxnet-ssd/model/ssd_300-0218.params"
Epoch[217] Validation-Acc=0.761129
Epoch[217] Validation-ObjectAcc=0.157438
Epoch[217] Validation-SmoothL1=28.761098
Epoch[218] Train-Acc=0.873925
Epoch[218] Train-ObjectAcc=0.668817
Epoch[218] Train-SmoothL1=6.941303
Epoch[218] Time cost=3.303
Saved checkpoint to "/home/iiie/our-mxnet-ssd/model/ssd_300-0219.params"
Epoch[218] Validation-Acc=0.778540
Epoch[218] Validation-ObjectAcc=0.245884
Epoch[218] Validation-SmoothL1=25.743140
Epoch[219] Train-Acc=0.863714
Epoch[219] Train-ObjectAcc=0.583901
Epoch[219] Train-SmoothL1=10.270349
Epoch[219] Time cost=3.229
Saved checkpoint to "/home/iiie/our-mxnet-ssd/model/ssd_300-0220.params"
Epoch[219] Validation-Acc=0.775370
Epoch[219] Validation-ObjectAcc=0.219873
Epoch[219] Validation-SmoothL1=26.480042
Epoch[220] Train-Acc=0.876694
Epoch[220] Train-ObjectAcc=0.673766
Epoch[220] Train-SmoothL1=7.663196
Epoch[220] Time cost=3.274
Saved checkpoint to "/home/iiie/our-mxnet-ssd/model/ssd_300-0221.params"
Epoch[220] Validation-Acc=0.761427
Epoch[220] Validation-ObjectAcc=0.123746
Epoch[220] Validation-SmoothL1=27.389803
Epoch[221] Train-Acc=0.870232
Epoch[221] Train-ObjectAcc=0.647030
Epoch[221] Train-SmoothL1=8.537788
Epoch[221] Time cost=3.186
Saved checkpoint to "/home/iiie/our-mxnet-ssd/model/ssd_300-0222.params"
Epoch[221] Validation-Acc=0.777685
Epoch[221] Validation-ObjectAcc=0.202461
Epoch[221] Validation-SmoothL1=27.960669
Epoch[222] Train-Acc=0.877143
Epoch[222] Train-ObjectAcc=0.617143
Epoch[222] Train-SmoothL1=9.238494
Epoch[222] Time cost=3.208
Saved checkpoint to "/home/iiie/our-mxnet-ssd/model/ssd_300-0223.params"
Epoch[222] Validation-Acc=0.761584
Epoch[222] Validation-ObjectAcc=0.153017
Epoch[222] Validation-SmoothL1=29.783463
Epoch[223] Train-Acc=0.883604
Epoch[223] Train-ObjectAcc=0.684990
Epoch[223] Train-SmoothL1=7.772909
Epoch[223] Time cost=3.241
Saved checkpoint to "/home/iiie/our-mxnet-ssd/model/ssd_300-0224.params"
Epoch[223] Validation-Acc=0.758488
Epoch[223] Validation-ObjectAcc=0.171961
Epoch[223] Validation-SmoothL1=29.676333
Epoch[224] Train-Acc=0.870287
Epoch[224] Train-ObjectAcc=0.622531
Epoch[224] Train-SmoothL1=8.953086
Epoch[224] Time cost=3.368
Saved checkpoint to "/home/iiie/our-mxnet-ssd/model/ssd_300-0225.params"
Epoch[224] Validation-Acc=0.764690
Epoch[224] Validation-ObjectAcc=0.161045
Epoch[224] Validation-SmoothL1=26.608665
Epoch[225] Train-Acc=0.874139
Epoch[225] Train-ObjectAcc=0.618330
Epoch[225] Train-SmoothL1=9.645791
Epoch[225] Time cost=3.268
Saved checkpoint to "/home/iiie/our-mxnet-ssd/model/ssd_300-0226.params"
Epoch[225] Validation-Acc=0.771444
Epoch[225] Validation-ObjectAcc=0.186754
Epoch[225] Validation-SmoothL1=28.281663
Epoch[226] Train-Acc=0.882937
Epoch[226] Train-ObjectAcc=0.666940
Epoch[226] Train-SmoothL1=9.742478
Epoch[226] Time cost=3.300
Saved checkpoint to "/home/iiie/our-mxnet-ssd/model/ssd_300-0227.params"
Epoch[226] Validation-Acc=0.774577
Epoch[226] Validation-ObjectAcc=0.173362
Epoch[226] Validation-SmoothL1=29.600969
Epoch[227] Train-Acc=0.877563
Epoch[227] Train-ObjectAcc=0.636230
Epoch[227] Train-SmoothL1=7.708349
Epoch[227] Time cost=3.329
Saved checkpoint to "/home/iiie/our-mxnet-ssd/model/ssd_300-0228.params"
Epoch[227] Validation-Acc=0.770087
Epoch[227] Validation-ObjectAcc=0.216069
Epoch[227] Validation-SmoothL1=25.233465
Epoch[228] Train-Acc=0.866076
Epoch[228] Train-ObjectAcc=0.648778
Epoch[228] Train-SmoothL1=7.679710
Epoch[228] Time cost=3.255
Saved checkpoint to "/home/iiie/our-mxnet-ssd/model/ssd_300-0229.params"
Epoch[228] Validation-Acc=0.765351
Epoch[228] Validation-ObjectAcc=0.123904
Epoch[228] Validation-SmoothL1=27.481309
Epoch[229] Train-Acc=0.877444
Epoch[229] Train-ObjectAcc=0.626667
Epoch[229] Train-SmoothL1=7.944090
Epoch[229] Time cost=3.254
Saved checkpoint to "/home/iiie/our-mxnet-ssd/model/ssd_300-0230.params"
Epoch[229] Validation-Acc=0.777439
Epoch[229] Validation-ObjectAcc=0.249446
Epoch[229] Validation-SmoothL1=22.884984
Epoch[230] Train-Acc=0.878743
Epoch[230] Train-ObjectAcc=0.666062
Epoch[230] Train-SmoothL1=7.378508
Epoch[230] Time cost=3.252
Saved checkpoint to "/home/iiie/our-mxnet-ssd/model/ssd_300-0231.params"
Epoch[230] Validation-Acc=0.781250
Epoch[230] Validation-ObjectAcc=0.230088
Epoch[230] Validation-SmoothL1=27.614908
Epoch[231] Train-Acc=0.876994
Epoch[231] Train-ObjectAcc=0.647693
Epoch[231] Train-SmoothL1=8.750822
Epoch[231] Time cost=3.360
Saved checkpoint to "/home/iiie/our-mxnet-ssd/model/ssd_300-0232.params"
Epoch[231] Validation-Acc=0.770219
Epoch[231] Validation-ObjectAcc=0.181421
Epoch[231] Validation-SmoothL1=25.763062
Epoch[232] Train-Acc=0.883413
Epoch[232] Train-ObjectAcc=0.676573
Epoch[232] Train-SmoothL1=8.337118
Epoch[232] Time cost=3.348
Saved checkpoint to "/home/iiie/our-mxnet-ssd/model/ssd_300-0233.params"
Epoch[232] Validation-Acc=0.762800
Epoch[232] Validation-ObjectAcc=0.192810
Epoch[232] Validation-SmoothL1=27.400047
Epoch[233] Train-Acc=0.880450
Epoch[233] Train-ObjectAcc=0.660572
Epoch[233] Train-SmoothL1=7.311596
Epoch[233] Time cost=3.234
Saved checkpoint to "/home/iiie/our-mxnet-ssd/model/ssd_300-0234.params"
Epoch[233] Validation-Acc=0.785558
Epoch[233] Validation-ObjectAcc=0.213348
Epoch[233] Validation-SmoothL1=24.510473
Epoch[234] Train-Acc=0.883083
Epoch[234] Train-ObjectAcc=0.687218
Epoch[234] Train-SmoothL1=6.956750
Epoch[234] Time cost=3.197
Saved checkpoint to "/home/iiie/our-mxnet-ssd/model/ssd_300-0235.params"
Epoch[234] Validation-Acc=0.783040
Epoch[234] Validation-ObjectAcc=0.255507
Epoch[234] Validation-SmoothL1=23.838112
Epoch[235] Train-Acc=0.875947
Epoch[235] Train-ObjectAcc=0.658047
Epoch[235] Train-SmoothL1=8.724756
Epoch[235] Time cost=3.226
Saved checkpoint to "/home/iiie/our-mxnet-ssd/model/ssd_300-0236.params"
Epoch[235] Validation-Acc=0.769914
Epoch[235] Validation-ObjectAcc=0.159311
Epoch[235] Validation-SmoothL1=25.775886
Epoch[236] Train-Acc=0.878183
Epoch[236] Train-ObjectAcc=0.653431
Epoch[236] Train-SmoothL1=8.213249
Epoch[236] Time cost=3.109
Saved checkpoint to "/home/iiie/our-mxnet-ssd/model/ssd_300-0237.params"
Epoch[236] Validation-Acc=0.783315
Epoch[236] Validation-ObjectAcc=0.209251
Epoch[236] Validation-SmoothL1=24.207520
Epoch[237] Train-Acc=0.883952
Epoch[237] Train-ObjectAcc=0.647110
Epoch[237] Train-SmoothL1=9.017024
Epoch[237] Time cost=3.251
Saved checkpoint to "/home/iiie/our-mxnet-ssd/model/ssd_300-0238.params"
Epoch[237] Validation-Acc=0.762725
Epoch[237] Validation-ObjectAcc=0.143160
Epoch[237] Validation-SmoothL1=31.331774
Epoch[238] Train-Acc=0.890718
Epoch[238] Train-ObjectAcc=0.724737
Epoch[238] Train-SmoothL1=6.902835
Epoch[238] Time cost=3.352
Saved checkpoint to "/home/iiie/our-mxnet-ssd/model/ssd_300-0239.params"
Epoch[238] Validation-Acc=0.768132
Epoch[238] Validation-ObjectAcc=0.150549
Epoch[238] Validation-SmoothL1=26.138511
Epoch[239] Train-Acc=0.887897
Epoch[239] Train-ObjectAcc=0.653175
Epoch[239] Train-SmoothL1=9.152949
Epoch[239] Time cost=3.254
Saved checkpoint to "/home/iiie/our-mxnet-ssd/model/ssd_300-0240.params"
Epoch[239] Validation-Acc=0.777409
Epoch[239] Validation-ObjectAcc=0.217054
Epoch[239] Validation-SmoothL1=24.268668
Epoch[240] Train-Acc=0.885993
Epoch[240] Train-ObjectAcc=0.672257
Epoch[240] Train-SmoothL1=8.139577
Epoch[240] Time cost=3.266
Saved checkpoint to "/home/iiie/our-mxnet-ssd/model/ssd_300-0241.params"
Epoch[240] Validation-Acc=0.772198
Epoch[240] Validation-ObjectAcc=0.168701
Epoch[240] Validation-SmoothL1=24.296550
Epoch[241] Train-Acc=0.891104
Epoch[241] Train-ObjectAcc=0.695673
Epoch[241] Train-SmoothL1=6.991349
Epoch[241] Time cost=3.210
Saved checkpoint to "/home/iiie/our-mxnet-ssd/model/ssd_300-0242.params"
Epoch[241] Validation-Acc=0.768498
Epoch[241] Validation-ObjectAcc=0.178251
Epoch[241] Validation-SmoothL1=26.882464
Epoch[242] Train-Acc=0.886982
Epoch[242] Train-ObjectAcc=0.672760
Epoch[242] Train-SmoothL1=7.730730
Epoch[242] Time cost=3.207
Saved checkpoint to "/home/iiie/our-mxnet-ssd/model/ssd_300-0243.params"
Epoch[242] Validation-Acc=0.784347
Epoch[242] Validation-ObjectAcc=0.256757
Epoch[242] Validation-SmoothL1=22.811789
Epoch[243] Train-Acc=0.887579
Epoch[243] Train-ObjectAcc=0.699003
Epoch[243] Train-SmoothL1=7.745123
Epoch[243] Time cost=3.280
Saved checkpoint to "/home/iiie/our-mxnet-ssd/model/ssd_300-0244.params"
Epoch[243] Validation-Acc=0.778953
Epoch[243] Validation-ObjectAcc=0.195991
Epoch[243] Validation-SmoothL1=24.310368
Epoch[244] Train-Acc=0.884932
Epoch[244] Train-ObjectAcc=0.672481
Epoch[244] Train-SmoothL1=6.324960
Epoch[244] Time cost=3.305
Saved checkpoint to "/home/iiie/our-mxnet-ssd/model/ssd_300-0245.params"
Epoch[244] Validation-Acc=0.782572
Epoch[244] Validation-ObjectAcc=0.251670
Epoch[244] Validation-SmoothL1=22.678248
Epoch[245] Train-Acc=0.884809
Epoch[245] Train-ObjectAcc=0.686638
Epoch[245] Train-SmoothL1=6.040892
Epoch[245] Time cost=3.309
Saved checkpoint to "/home/iiie/our-mxnet-ssd/model/ssd_300-0246.params"
Epoch[245] Validation-Acc=0.770677
Epoch[245] Validation-ObjectAcc=0.171858
Epoch[245] Validation-SmoothL1=26.636837
Epoch[246] Train-Acc=0.878451
Epoch[246] Train-ObjectAcc=0.648404
Epoch[246] Train-SmoothL1=8.188184
Epoch[246] Time cost=3.237
Saved checkpoint to "/home/iiie/our-mxnet-ssd/model/ssd_300-0247.params"
Epoch[246] Validation-Acc=0.781564
Epoch[246] Validation-ObjectAcc=0.273743
Epoch[246] Validation-SmoothL1=22.113327
Epoch[247] Train-Acc=0.882490
Epoch[247] Train-ObjectAcc=0.680870
Epoch[247] Train-SmoothL1=7.824697
Epoch[247] Time cost=3.426
Saved checkpoint to "/home/iiie/our-mxnet-ssd/model/ssd_300-0248.params"
Epoch[247] Validation-Acc=0.783352
Epoch[247] Validation-ObjectAcc=0.214367
Epoch[247] Validation-SmoothL1=24.216755
Epoch[248] Train-Acc=0.885025
Epoch[248] Train-ObjectAcc=0.665609
Epoch[248] Train-SmoothL1=7.651041
Epoch[248] Time cost=3.231
Saved checkpoint to "/home/iiie/our-mxnet-ssd/model/ssd_300-0249.params"
Epoch[248] Validation-Acc=0.774537
Epoch[248] Validation-ObjectAcc=0.235551
Epoch[248] Validation-SmoothL1=24.905531
Epoch[249] Train-Acc=0.889957
Epoch[249] Train-ObjectAcc=0.713200
Epoch[249] Train-SmoothL1=6.043794
Epoch[249] Time cost=3.237
Saved checkpoint to "/home/iiie/our-mxnet-ssd/model/ssd_300-0250.params"
Epoch[249] Validation-Acc=0.775081
Epoch[249] Validation-ObjectAcc=0.151025
Epoch[249] Validation-SmoothL1=28.105558
Epoch[250] Train-Acc=0.881447
Epoch[250] Train-ObjectAcc=0.665647
Epoch[250] Train-SmoothL1=8.061770
Epoch[250] Time cost=3.407
Saved checkpoint to "/home/iiie/our-mxnet-ssd/model/ssd_300-0251.params"
Epoch[250] Validation-Acc=0.768487
Epoch[250] Validation-ObjectAcc=0.205916
Epoch[250] Validation-SmoothL1=23.341160
Epoch[251] Train-Acc=0.881404
Epoch[251] Train-ObjectAcc=0.691674
Epoch[251] Train-SmoothL1=7.622823
Epoch[251] Time cost=3.247
Saved checkpoint to "/home/iiie/our-mxnet-ssd/model/ssd_300-0252.params"
Epoch[251] Validation-Acc=0.758721
Epoch[251] Validation-ObjectAcc=0.087738
Epoch[251] Validation-SmoothL1=30.938019
Epoch[252] Train-Acc=0.880773
Epoch[252] Train-ObjectAcc=0.673623
Epoch[252] Train-SmoothL1=7.548870
Epoch[252] Time cost=3.335
Saved checkpoint to "/home/iiie/our-mxnet-ssd/model/ssd_300-0253.params"
Epoch[252] Validation-Acc=0.780522
Epoch[252] Validation-ObjectAcc=0.245283
Epoch[252] Validation-SmoothL1=23.300125
Epoch[253] Train-Acc=0.877910
Epoch[253] Train-ObjectAcc=0.629812
Epoch[253] Train-SmoothL1=7.827776
Epoch[253] Time cost=3.253
Saved checkpoint to "/home/iiie/our-mxnet-ssd/model/ssd_300-0254.params"
Epoch[253] Validation-Acc=0.773294
Epoch[253] Validation-ObjectAcc=0.167931
Epoch[253] Validation-SmoothL1=25.068276
Epoch[254] Train-Acc=0.893605
Epoch[254] Train-ObjectAcc=0.708694
Epoch[254] Train-SmoothL1=6.260463
Epoch[254] Time cost=3.250
Saved checkpoint to "/home/iiie/our-mxnet-ssd/model/ssd_300-0255.params"
Epoch[254] Validation-Acc=0.778867
Epoch[254] Validation-ObjectAcc=0.214597
Epoch[254] Validation-SmoothL1=27.008261
Epoch[255] Train-Acc=0.889196
Epoch[255] Train-ObjectAcc=0.692046
Epoch[255] Train-SmoothL1=8.200500
Epoch[255] Time cost=3.239
Saved checkpoint to "/home/iiie/our-mxnet-ssd/model/ssd_300-0256.params"
Epoch[255] Validation-Acc=0.767876
Epoch[255] Validation-ObjectAcc=0.189599
Epoch[255] Validation-SmoothL1=26.952319
Epoch[256] Train-Acc=0.886449
Epoch[256] Train-ObjectAcc=0.690746
Epoch[256] Train-SmoothL1=7.331406
Epoch[256] Time cost=3.177
Saved checkpoint to "/home/iiie/our-mxnet-ssd/model/ssd_300-0257.params"
Epoch[256] Validation-Acc=0.767384
Epoch[256] Validation-ObjectAcc=0.155629
Epoch[256] Validation-SmoothL1=28.611278
Epoch[257] Train-Acc=0.885036
Epoch[257] Train-ObjectAcc=0.680979
Epoch[257] Train-SmoothL1=7.776811
Epoch[257] Time cost=3.231
Saved checkpoint to "/home/iiie/our-mxnet-ssd/model/ssd_300-0258.params"
Epoch[257] Validation-Acc=0.771523
Epoch[257] Validation-ObjectAcc=0.217439
Epoch[257] Validation-SmoothL1=24.174061
Epoch[258] Train-Acc=0.891553
Epoch[258] Train-ObjectAcc=0.701276
Epoch[258] Train-SmoothL1=7.786201
Epoch[258] Time cost=3.292
Saved checkpoint to "/home/iiie/our-mxnet-ssd/model/ssd_300-0259.params"
Epoch[258] Validation-Acc=0.777533
Epoch[258] Validation-ObjectAcc=0.187225
Epoch[258] Validation-SmoothL1=28.183679
Epoch[259] Train-Acc=0.897449
Epoch[259] Train-ObjectAcc=0.711020
Epoch[259] Train-SmoothL1=8.230063
Epoch[259] Time cost=3.236
Saved checkpoint to "/home/iiie/our-mxnet-ssd/model/ssd_300-0260.params"
Epoch[259] Validation-Acc=0.769066
Epoch[259] Validation-ObjectAcc=0.190118
Epoch[259] Validation-SmoothL1=28.142511
Update[1825]: Change learning rate to 5.31441e-04
Epoch[260] Train-Acc=0.901370
Epoch[260] Train-ObjectAcc=0.725132
Epoch[260] Train-SmoothL1=6.266008
Epoch[260] Time cost=3.264
Saved checkpoint to "/home/iiie/our-mxnet-ssd/model/ssd_300-0261.params"
Epoch[260] Validation-Acc=0.785398
Epoch[260] Validation-ObjectAcc=0.226770
Epoch[260] Validation-SmoothL1=24.635082
Epoch[261] Train-Acc=0.886043
Epoch[261] Train-ObjectAcc=0.680921
Epoch[261] Train-SmoothL1=6.640563
Epoch[261] Time cost=3.232
Saved checkpoint to "/home/iiie/our-mxnet-ssd/model/ssd_300-0262.params"
Epoch[261] Validation-Acc=0.791989
Epoch[261] Validation-ObjectAcc=0.302762
Epoch[261] Validation-SmoothL1=23.138613
Epoch[262] Train-Acc=0.895344
Epoch[262] Train-ObjectAcc=0.720632
Epoch[262] Train-SmoothL1=6.997395
Epoch[262] Time cost=3.392
Saved checkpoint to "/home/iiie/our-mxnet-ssd/model/ssd_300-0263.params"
Epoch[262] Validation-Acc=0.773048
Epoch[262] Validation-ObjectAcc=0.174620
Epoch[262] Validation-SmoothL1=25.823378
Epoch[263] Train-Acc=0.887410
Epoch[263] Train-ObjectAcc=0.695757
Epoch[263] Train-SmoothL1=8.067068
Epoch[263] Time cost=3.313
Saved checkpoint to "/home/iiie/our-mxnet-ssd/model/ssd_300-0264.params"
Epoch[263] Validation-Acc=0.765508
Epoch[263] Validation-ObjectAcc=0.139037
Epoch[263] Validation-SmoothL1=28.671221
Epoch[264] Train-Acc=0.889429
Epoch[264] Train-ObjectAcc=0.690878
Epoch[264] Train-SmoothL1=7.234497
Epoch[264] Time cost=3.301
Saved checkpoint to "/home/iiie/our-mxnet-ssd/model/ssd_300-0265.params"
Epoch[264] Validation-Acc=0.771018
Epoch[264] Validation-ObjectAcc=0.173673
Epoch[264] Validation-SmoothL1=25.354010
Epoch[265] Train-Acc=0.901564
Epoch[265] Train-ObjectAcc=0.724931
Epoch[265] Train-SmoothL1=6.309595
Epoch[265] Time cost=3.167
Saved checkpoint to "/home/iiie/our-mxnet-ssd/model/ssd_300-0266.params"
Epoch[265] Validation-Acc=0.768894
Epoch[265] Validation-ObjectAcc=0.165389
Epoch[265] Validation-SmoothL1=28.201253
Epoch[266] Train-Acc=0.899481
Epoch[266] Train-ObjectAcc=0.728491
Epoch[266] Train-SmoothL1=7.294479
Epoch[266] Time cost=3.309
Saved checkpoint to "/home/iiie/our-mxnet-ssd/model/ssd_300-0267.params"
Epoch[266] Validation-Acc=0.763680
Epoch[266] Validation-ObjectAcc=0.168455
Epoch[266] Validation-SmoothL1=28.896299
Epoch[267] Train-Acc=0.890706
Epoch[267] Train-ObjectAcc=0.693220
Epoch[267] Train-SmoothL1=6.530409
Epoch[267] Time cost=3.219
Saved checkpoint to "/home/iiie/our-mxnet-ssd/model/ssd_300-0268.params"
Epoch[267] Validation-Acc=0.773128
Epoch[267] Validation-ObjectAcc=0.181718
Epoch[267] Validation-SmoothL1=25.706602
Epoch[268] Train-Acc=0.886845
Epoch[268] Train-ObjectAcc=0.708995
Epoch[268] Train-SmoothL1=6.502112
Epoch[268] Time cost=3.250
Saved checkpoint to "/home/iiie/our-mxnet-ssd/model/ssd_300-0269.params"
Epoch[268] Validation-Acc=0.772702
Epoch[268] Validation-ObjectAcc=0.152824
Epoch[268] Validation-SmoothL1=23.748025
Epoch[269] Train-Acc=0.888938
Epoch[269] Train-ObjectAcc=0.680476
Epoch[269] Train-SmoothL1=7.783255
Epoch[269] Time cost=3.238
Saved checkpoint to "/home/iiie/our-mxnet-ssd/model/ssd_300-0270.params"
Epoch[269] Validation-Acc=0.765625
Epoch[269] Validation-ObjectAcc=0.137061
Epoch[269] Validation-SmoothL1=29.309197
Epoch[270] Train-Acc=0.894133
Epoch[270] Train-ObjectAcc=0.708256
Epoch[270] Train-SmoothL1=6.393564
Epoch[270] Time cost=3.261
Saved checkpoint to "/home/iiie/our-mxnet-ssd/model/ssd_300-0271.params"
Epoch[270] Validation-Acc=0.770926
Epoch[270] Validation-ObjectAcc=0.190848
Epoch[270] Validation-SmoothL1=24.993219
Epoch[271] Train-Acc=0.890550
Epoch[271] Train-ObjectAcc=0.717936
Epoch[271] Train-SmoothL1=6.143864
Epoch[271] Time cost=3.258
Saved checkpoint to "/home/iiie/our-mxnet-ssd/model/ssd_300-0272.params"
Epoch[271] Validation-Acc=0.769544
Epoch[271] Validation-ObjectAcc=0.138979
Epoch[271] Validation-SmoothL1=25.727513
Epoch[272] Train-Acc=0.900513
Epoch[272] Train-ObjectAcc=0.714844
Epoch[272] Train-SmoothL1=5.947297
Epoch[272] Time cost=3.335
Saved checkpoint to "/home/iiie/our-mxnet-ssd/model/ssd_300-0273.params"
Epoch[272] Validation-Acc=0.782787
Epoch[272] Validation-ObjectAcc=0.234973
Epoch[272] Validation-SmoothL1=24.585238
Epoch[273] Train-Acc=0.893673
Epoch[273] Train-ObjectAcc=0.712197
Epoch[273] Train-SmoothL1=6.579444
Epoch[273] Time cost=3.245
Saved checkpoint to "/home/iiie/our-mxnet-ssd/model/ssd_300-0274.params"
Epoch[273] Validation-Acc=0.779102
Epoch[273] Validation-ObjectAcc=0.213969
Epoch[273] Validation-SmoothL1=24.207813
Epoch[274] Train-Acc=0.899137
Epoch[274] Train-ObjectAcc=0.712403
Epoch[274] Train-SmoothL1=6.246909
Epoch[274] Time cost=3.300
Saved checkpoint to "/home/iiie/our-mxnet-ssd/model/ssd_300-0275.params"
Epoch[274] Validation-Acc=0.780211
Epoch[274] Validation-ObjectAcc=0.248337
Epoch[274] Validation-SmoothL1=24.586686
Epoch[275] Train-Acc=0.888903
Epoch[275] Train-ObjectAcc=0.704767
Epoch[275] Train-SmoothL1=5.618585
Epoch[275] Time cost=3.249
Saved checkpoint to "/home/iiie/our-mxnet-ssd/model/ssd_300-0276.params"
Epoch[275] Validation-Acc=0.775620
Epoch[275] Validation-ObjectAcc=0.165049
Epoch[275] Validation-SmoothL1=26.550694
Epoch[276] Train-Acc=0.891081
Epoch[276] Train-ObjectAcc=0.713056
Epoch[276] Train-SmoothL1=6.484359
Epoch[276] Time cost=3.370
Saved checkpoint to "/home/iiie/our-mxnet-ssd/model/ssd_300-0277.params"
Epoch[276] Validation-Acc=0.772258
Epoch[276] Validation-ObjectAcc=0.163952
Epoch[276] Validation-SmoothL1=28.862826
Epoch[277] Train-Acc=0.889264
Epoch[277] Train-ObjectAcc=0.673211
Epoch[277] Train-SmoothL1=7.844932
Epoch[277] Time cost=3.225
Saved checkpoint to "/home/iiie/our-mxnet-ssd/model/ssd_300-0278.params"
Epoch[277] Validation-Acc=0.765886
Epoch[277] Validation-ObjectAcc=0.161650
Epoch[277] Validation-SmoothL1=25.709634
Epoch[278] Train-Acc=0.893677
Epoch[278] Train-ObjectAcc=0.728623
Epoch[278] Train-SmoothL1=7.651155
Epoch[278] Time cost=3.256
Saved checkpoint to "/home/iiie/our-mxnet-ssd/model/ssd_300-0279.params"
Epoch[278] Validation-Acc=0.778485
Epoch[278] Validation-ObjectAcc=0.206858
Epoch[278] Validation-SmoothL1=29.013082
Epoch[279] Train-Acc=0.894781
Epoch[279] Train-ObjectAcc=0.704957
Epoch[279] Train-SmoothL1=6.639863
Epoch[279] Time cost=3.283
Saved checkpoint to "/home/iiie/our-mxnet-ssd/model/ssd_300-0280.params"
Epoch[279] Validation-Acc=0.772345
Epoch[279] Validation-ObjectAcc=0.167192
Epoch[279] Validation-SmoothL1=29.488096
Epoch[280] Train-Acc=0.894360
Epoch[280] Train-ObjectAcc=0.708594
Epoch[280] Train-SmoothL1=6.536195
Epoch[280] Time cost=3.250
Saved checkpoint to "/home/iiie/our-mxnet-ssd/model/ssd_300-0281.params"
Epoch[280] Validation-Acc=0.778702
Epoch[280] Validation-ObjectAcc=0.230687
Epoch[280] Validation-SmoothL1=24.034645
Epoch[281] Train-Acc=0.892446
Epoch[281] Train-ObjectAcc=0.701981
Epoch[281] Train-SmoothL1=6.527114
Epoch[281] Time cost=3.267
Saved checkpoint to "/home/iiie/our-mxnet-ssd/model/ssd_300-0282.params"
Epoch[281] Validation-Acc=0.780110
Epoch[281] Validation-ObjectAcc=0.213260
Epoch[281] Validation-SmoothL1=27.092187
Epoch[282] Train-Acc=0.903727
Epoch[282] Train-ObjectAcc=0.752536
Epoch[282] Train-SmoothL1=7.304693
Epoch[282] Time cost=3.237
Saved checkpoint to "/home/iiie/our-mxnet-ssd/model/ssd_300-0283.params"
Epoch[282] Validation-Acc=0.772472
Epoch[282] Validation-ObjectAcc=0.160674
Epoch[282] Validation-SmoothL1=28.324478
Epoch[283] Train-Acc=0.904525
Epoch[283] Train-ObjectAcc=0.728035
Epoch[283] Train-SmoothL1=6.156058
Epoch[283] Time cost=3.279
Saved checkpoint to "/home/iiie/our-mxnet-ssd/model/ssd_300-0284.params"
Epoch[283] Validation-Acc=0.768620
Epoch[283] Validation-ObjectAcc=0.175246
Epoch[283] Validation-SmoothL1=27.651646
Epoch[284] Train-Acc=0.895926
Epoch[284] Train-ObjectAcc=0.732346
Epoch[284] Train-SmoothL1=5.541237
Epoch[284] Time cost=3.269
Saved checkpoint to "/home/iiie/our-mxnet-ssd/model/ssd_300-0285.params"
Epoch[284] Validation-Acc=0.766111
Epoch[284] Validation-ObjectAcc=0.130000
Epoch[284] Validation-SmoothL1=25.136699
Epoch[285] Train-Acc=0.892095
Epoch[285] Train-ObjectAcc=0.700125
Epoch[285] Train-SmoothL1=8.020640
Epoch[285] Time cost=3.275
Saved checkpoint to "/home/iiie/our-mxnet-ssd/model/ssd_300-0286.params"
Epoch[285] Validation-Acc=0.771585
Epoch[285] Validation-ObjectAcc=0.202186
Epoch[285] Validation-SmoothL1=24.640519
Epoch[286] Train-Acc=0.893744
Epoch[286] Train-ObjectAcc=0.723551
Epoch[286] Train-SmoothL1=6.315063
Epoch[286] Time cost=3.295
Saved checkpoint to "/home/iiie/our-mxnet-ssd/model/ssd_300-0287.params"
Epoch[286] Validation-Acc=0.768791
Epoch[286] Validation-ObjectAcc=0.137255
Epoch[286] Validation-SmoothL1=28.256312
Epoch[287] Train-Acc=0.896720
Epoch[287] Train-ObjectAcc=0.708777
Epoch[287] Train-SmoothL1=6.775590
Epoch[287] Time cost=3.395
Saved checkpoint to "/home/iiie/our-mxnet-ssd/model/ssd_300-0288.params"
Epoch[287] Validation-Acc=0.774499
Epoch[287] Validation-ObjectAcc=0.232739
Epoch[287] Validation-SmoothL1=27.382786
Epoch[288] Train-Acc=0.895925
Epoch[288] Train-ObjectAcc=0.726432
Epoch[288] Train-SmoothL1=6.753526
Epoch[288] Time cost=3.274
Saved checkpoint to "/home/iiie/our-mxnet-ssd/model/ssd_300-0289.params"
Epoch[288] Validation-Acc=0.759497
Epoch[288] Validation-ObjectAcc=0.145251
Epoch[288] Validation-SmoothL1=25.307493
Epoch[289] Train-Acc=0.897530
Epoch[289] Train-ObjectAcc=0.727356
Epoch[289] Train-SmoothL1=6.746332
Epoch[289] Time cost=3.266
Saved checkpoint to "/home/iiie/our-mxnet-ssd/model/ssd_300-0290.params"
Epoch[289] Validation-Acc=0.777293
Epoch[289] Validation-ObjectAcc=0.211790
Epoch[289] Validation-SmoothL1=24.569068
Epoch[290] Train-Acc=0.901769
Epoch[290] Train-ObjectAcc=0.745810
Epoch[290] Train-SmoothL1=6.874768
Epoch[290] Time cost=3.339
Saved checkpoint to "/home/iiie/our-mxnet-ssd/model/ssd_300-0291.params"
Epoch[290] Validation-Acc=0.778146
Epoch[290] Validation-ObjectAcc=0.208609
Epoch[290] Validation-SmoothL1=24.814209
Epoch[291] Train-Acc=0.905421
Epoch[291] Train-ObjectAcc=0.731894
Epoch[291] Train-SmoothL1=6.014515
Epoch[291] Time cost=3.291
Saved checkpoint to "/home/iiie/our-mxnet-ssd/model/ssd_300-0292.params"
Epoch[291] Validation-Acc=0.770247
Epoch[291] Validation-ObjectAcc=0.208099
Epoch[291] Validation-SmoothL1=22.910370
Epoch[292] Train-Acc=0.903370
Epoch[292] Train-ObjectAcc=0.757185
Epoch[292] Train-SmoothL1=5.268234
Epoch[292] Time cost=3.280
Saved checkpoint to "/home/iiie/our-mxnet-ssd/model/ssd_300-0293.params"
Epoch[292] Validation-Acc=0.769794
Epoch[292] Validation-ObjectAcc=0.184382
Epoch[292] Validation-SmoothL1=27.194450
Epoch[293] Train-Acc=0.890656
Epoch[293] Train-ObjectAcc=0.726331
Epoch[293] Train-SmoothL1=6.239448
Epoch[293] Time cost=3.340
Saved checkpoint to "/home/iiie/our-mxnet-ssd/model/ssd_300-0294.params"
Epoch[293] Validation-Acc=0.774946
Epoch[293] Validation-ObjectAcc=0.165944
Epoch[293] Validation-SmoothL1=24.813429
Epoch[294] Train-Acc=0.893591
Epoch[294] Train-ObjectAcc=0.680039
Epoch[294] Train-SmoothL1=5.730602
Epoch[294] Time cost=3.172
Saved checkpoint to "/home/iiie/our-mxnet-ssd/model/ssd_300-0295.params"
Epoch[294] Validation-Acc=0.773056
Epoch[294] Validation-ObjectAcc=0.181111
Epoch[294] Validation-SmoothL1=24.515730
Epoch[295] Train-Acc=0.897252
Epoch[295] Train-ObjectAcc=0.728511
Epoch[295] Train-SmoothL1=6.010050
Epoch[295] Time cost=3.346
Saved checkpoint to "/home/iiie/our-mxnet-ssd/model/ssd_300-0296.params"
Epoch[295] Validation-Acc=0.779716
Epoch[295] Validation-ObjectAcc=0.235551
Epoch[295] Validation-SmoothL1=26.495411
Epoch[296] Train-Acc=0.895598
Epoch[296] Train-ObjectAcc=0.715091
Epoch[296] Train-SmoothL1=7.359350
Epoch[296] Time cost=3.284
Saved checkpoint to "/home/iiie/our-mxnet-ssd/model/ssd_300-0297.params"
Epoch[296] Validation-Acc=0.774656
Epoch[296] Validation-ObjectAcc=0.157110
Epoch[296] Validation-SmoothL1=22.826471
Epoch[297] Train-Acc=0.905193
Epoch[297] Train-ObjectAcc=0.742011
Epoch[297] Train-SmoothL1=6.048794
Epoch[297] Time cost=3.225
Saved checkpoint to "/home/iiie/our-mxnet-ssd/model/ssd_300-0298.params"
Epoch[297] Validation-Acc=0.765143
Epoch[297] Validation-ObjectAcc=0.164097
Epoch[297] Validation-SmoothL1=28.422360
Epoch[298] Train-Acc=0.899957
Epoch[298] Train-ObjectAcc=0.720481
Epoch[298] Train-SmoothL1=7.152993
Epoch[298] Time cost=3.277
Saved checkpoint to "/home/iiie/our-mxnet-ssd/model/ssd_300-0299.params"
Epoch[298] Validation-Acc=0.777933
Epoch[298] Validation-ObjectAcc=0.195531
Epoch[298] Validation-SmoothL1=23.455152
Epoch[299] Train-Acc=0.898737
Epoch[299] Train-ObjectAcc=0.738676
Epoch[299] Train-SmoothL1=7.804474
Epoch[299] Time cost=3.254
Saved checkpoint to "/home/iiie/our-mxnet-ssd/model/ssd_300-0300.params"
Epoch[299] Validation-Acc=0.769890
Epoch[299] Validation-ObjectAcc=0.170166
Epoch[299] Validation-SmoothL1=27.935397
